{"/home/travis/build/npmtest/node-npmtest-mqtt/test.js":{"path":"/home/travis/build/npmtest/node-npmtest-mqtt/test.js","s":{"1":2,"2":2,"3":2,"4":2,"5":2,"6":2,"7":2,"8":1,"9":2,"10":2,"11":1,"12":1,"13":1,"14":1,"15":2,"16":2,"17":2,"18":2,"19":1,"20":1,"21":2,"22":2,"23":2,"24":1,"25":1,"26":1,"27":1,"28":1,"29":1,"30":1,"31":1,"32":1,"33":1,"34":1,"35":1,"36":1,"37":1,"38":1,"39":2,"40":2,"41":1,"42":2,"43":2,"44":1,"45":2,"46":2,"47":1,"48":2,"49":2,"50":1,"51":1,"52":1,"53":1,"54":1},"b":{"1":[2,1,1,1],"2":[1,1,1,1],"3":[1,1],"4":[1,1],"5":[1,1],"6":[1,1],"7":[1,1],"8":[1,1],"9":[1,1],"10":[1,1,1],"11":[1,1],"12":[1,1],"13":[1,1],"14":[1,1],"15":[1,1],"16":[1,1],"17":[1,1]},"f":{"1":2,"2":2,"3":2,"4":2,"5":2,"6":1,"7":1,"8":1,"9":2,"10":2,"11":2,"12":2,"13":1},"fnMap":{"1":{"name":"(anonymous_1)","line":12,"loc":{"start":{"line":12,"column":1},"end":{"line":12,"column":13}}},"2":{"name":"(anonymous_2)","line":19,"loc":{"start":{"line":19,"column":5},"end":{"line":19,"column":17}}},"3":{"name":"(anonymous_3)","line":23,"loc":{"start":{"line":23,"column":24},"end":{"line":23,"column":36}}},"4":{"name":"(anonymous_4)","line":61,"loc":{"start":{"line":61,"column":5},"end":{"line":61,"column":17}}},"5":{"name":"(anonymous_5)","line":82,"loc":{"start":{"line":82,"column":5},"end":{"line":82,"column":17}}},"6":{"name":"(anonymous_6)","line":91,"loc":{"start":{"line":91,"column":77},"end":{"line":94,"column":10}}},"7":{"name":"(anonymous_7)","line":112,"loc":{"start":{"line":112,"column":83},"end":{"line":115,"column":10}},"skip":true},"8":{"name":"(anonymous_8)","line":123,"loc":{"start":{"line":123,"column":77},"end":{"line":126,"column":10}},"skip":true},"9":{"name":"(anonymous_9)","line":139,"loc":{"start":{"line":139,"column":12},"end":{"line":139,"column":40}},"skip":true},"10":{"name":"(anonymous_10)","line":147,"loc":{"start":{"line":147,"column":77},"end":{"line":150,"column":10}},"skip":true},"11":{"name":"(anonymous_11)","line":158,"loc":{"start":{"line":158,"column":83},"end":{"line":161,"column":10}},"skip":true},"12":{"name":"(anonymous_12)","line":169,"loc":{"start":{"line":169,"column":79},"end":{"line":172,"column":10}},"skip":true},"13":{"name":"(anonymous_13)","line":180,"loc":{"start":{"line":180,"column":75},"end":{"line":183,"column":10}},"skip":true}},"statementMap":{"1":{"start":{"line":12,"column":0},"end":{"line":195,"column":5}},"2":{"start":{"line":14,"column":4},"end":{"line":14,"column":14}},"3":{"start":{"line":19,"column":4},"end":{"line":56,"column":9}},"4":{"start":{"line":21,"column":8},"end":{"line":21,"column":19}},"5":{"start":{"line":23,"column":8},"end":{"line":35,"column":13}},"6":{"start":{"line":24,"column":12},"end":{"line":34,"column":13}},"7":{"start":{"line":25,"column":16},"end":{"line":28,"column":30}},"8":{"start":{"line":30,"column":16},"end":{"line":33,"column":27}},"9":{"start":{"line":37,"column":8},"end":{"line":39,"column":21}},"10":{"start":{"line":40,"column":8},"end":{"line":53,"column":9}},"11":{"start":{"line":43,"column":12},"end":{"line":46,"column":14}},"12":{"start":{"line":47,"column":12},"end":{"line":47,"column":18}},"13":{"start":{"line":50,"column":12},"end":{"line":51,"column":33}},"14":{"start":{"line":52,"column":12},"end":{"line":52,"column":18}},"15":{"start":{"line":55,"column":8},"end":{"line":55,"column":35}},"16":{"start":{"line":61,"column":4},"end":{"line":63,"column":9}},"17":{"start":{"line":62,"column":8},"end":{"line":62,"column":15}},"18":{"start":{"line":64,"column":4},"end":{"line":77,"column":5}},"19":{"start":{"line":70,"column":8},"end":{"line":70,"column":14}},"20":{"start":{"line":76,"column":8},"end":{"line":76,"column":14}},"21":{"start":{"line":82,"column":4},"end":{"line":84,"column":9}},"22":{"start":{"line":83,"column":8},"end":{"line":83,"column":15}},"23":{"start":{"line":85,"column":4},"end":{"line":194,"column":5}},"24":{"start":{"line":91,"column":8},"end":{"line":99,"column":10}},"25":{"start":{"line":98,"column":12},"end":{"line":98,"column":35}},"26":{"start":{"line":102,"column":8},"end":{"line":104,"column":63}},"27":{"start":{"line":105,"column":8},"end":{"line":105,"column":14}},"28":{"start":{"line":112,"column":8},"end":{"line":121,"column":10},"skip":true},"29":{"start":{"line":119,"column":12},"end":{"line":119,"column":55},"skip":true},"30":{"start":{"line":120,"column":12},"end":{"line":120,"column":48},"skip":true},"31":{"start":{"line":123,"column":8},"end":{"line":136,"column":10},"skip":true},"32":{"start":{"line":130,"column":12},"end":{"line":130,"column":76},"skip":true},"33":{"start":{"line":131,"column":12},"end":{"line":131,"column":73},"skip":true},"34":{"start":{"line":132,"column":12},"end":{"line":132,"column":74},"skip":true},"35":{"start":{"line":133,"column":12},"end":{"line":133,"column":79},"skip":true},"36":{"start":{"line":134,"column":12},"end":{"line":134,"column":25},"skip":true},"37":{"start":{"line":135,"column":12},"end":{"line":135,"column":45},"skip":true},"38":{"start":{"line":138,"column":8},"end":{"line":145,"column":14},"skip":true},"39":{"start":{"line":143,"column":16},"end":{"line":143,"column":29},"skip":true},"40":{"start":{"line":144,"column":16},"end":{"line":144,"column":55},"skip":true},"41":{"start":{"line":147,"column":8},"end":{"line":156,"column":10},"skip":true},"42":{"start":{"line":154,"column":12},"end":{"line":154,"column":25},"skip":true},"43":{"start":{"line":155,"column":12},"end":{"line":155,"column":45},"skip":true},"44":{"start":{"line":158,"column":8},"end":{"line":167,"column":10},"skip":true},"45":{"start":{"line":165,"column":12},"end":{"line":165,"column":25},"skip":true},"46":{"start":{"line":166,"column":12},"end":{"line":166,"column":48},"skip":true},"47":{"start":{"line":169,"column":8},"end":{"line":178,"column":10},"skip":true},"48":{"start":{"line":176,"column":12},"end":{"line":176,"column":25},"skip":true},"49":{"start":{"line":177,"column":12},"end":{"line":177,"column":46},"skip":true},"50":{"start":{"line":180,"column":8},"end":{"line":189,"column":10},"skip":true},"51":{"start":{"line":187,"column":12},"end":{"line":187,"column":94},"skip":true},"52":{"start":{"line":188,"column":12},"end":{"line":188,"column":48},"skip":true},"53":{"start":{"line":192,"column":8},"end":{"line":192,"column":35},"skip":true},"54":{"start":{"line":193,"column":8},"end":{"line":193,"column":14},"skip":true}},"branchMap":{"1":{"line":25,"type":"binary-expr","locations":[{"start":{"line":25,"column":23},"end":{"line":25,"column":62}},{"start":{"line":26,"column":20},"end":{"line":26,"column":70}},{"start":{"line":27,"column":20},"end":{"line":27,"column":71}},{"start":{"line":28,"column":20},"end":{"line":28,"column":29}}]},"2":{"line":30,"type":"binary-expr","locations":[{"start":{"line":30,"column":23},"end":{"line":30,"column":37}},{"start":{"line":31,"column":20},"end":{"line":31,"column":61}},{"start":{"line":32,"column":20},"end":{"line":32,"column":70}},{"start":{"line":33,"column":20},"end":{"line":33,"column":26}}]},"3":{"line":37,"type":"cond-expr","locations":[{"start":{"line":38,"column":14},"end":{"line":38,"column":20}},{"start":{"line":39,"column":14},"end":{"line":39,"column":20}}]},"4":{"line":40,"type":"switch","locations":[{"start":{"line":42,"column":8},"end":{"line":47,"column":18}},{"start":{"line":49,"column":8},"end":{"line":52,"column":18}}]},"5":{"line":44,"type":"binary-expr","locations":[{"start":{"line":44,"column":16},"end":{"line":44,"column":44}},{"start":{"line":44,"column":48},"end":{"line":44,"column":66}}]},"6":{"line":50,"type":"binary-expr","locations":[{"start":{"line":50,"column":21},"end":{"line":50,"column":49}},{"start":{"line":50,"column":53},"end":{"line":50,"column":72}}]},"7":{"line":64,"type":"switch","locations":[{"start":{"line":69,"column":4},"end":{"line":70,"column":14}},{"start":{"line":75,"column":4},"end":{"line":76,"column":14}}]},"8":{"line":85,"type":"switch","locations":[{"start":{"line":90,"column":4},"end":{"line":105,"column":14}},{"start":{"line":111,"column":4},"end":{"line":193,"column":14},"skip":true}]},"9":{"line":91,"type":"binary-expr","locations":[{"start":{"line":91,"column":42},"end":{"line":91,"column":73}},{"start":{"line":91,"column":77},"end":{"line":99,"column":9}}]},"10":{"line":102,"type":"binary-expr","locations":[{"start":{"line":102,"column":18},"end":{"line":102,"column":32}},{"start":{"line":103,"column":12},"end":{"line":103,"column":53}},{"start":{"line":104,"column":12},"end":{"line":104,"column":61}}]},"11":{"line":112,"type":"binary-expr","locations":[{"start":{"line":112,"column":45},"end":{"line":112,"column":79},"skip":true},{"start":{"line":112,"column":83},"end":{"line":121,"column":9},"skip":true}]},"12":{"line":123,"type":"binary-expr","locations":[{"start":{"line":123,"column":42},"end":{"line":123,"column":73},"skip":true},{"start":{"line":123,"column":77},"end":{"line":136,"column":9},"skip":true}]},"13":{"line":138,"type":"binary-expr","locations":[{"start":{"line":138,"column":48},"end":{"line":138,"column":85},"skip":true},{"start":{"line":139,"column":12},"end":{"line":145,"column":13},"skip":true}]},"14":{"line":147,"type":"binary-expr","locations":[{"start":{"line":147,"column":42},"end":{"line":147,"column":73},"skip":true},{"start":{"line":147,"column":77},"end":{"line":156,"column":9},"skip":true}]},"15":{"line":158,"type":"binary-expr","locations":[{"start":{"line":158,"column":45},"end":{"line":158,"column":79},"skip":true},{"start":{"line":158,"column":83},"end":{"line":167,"column":9},"skip":true}]},"16":{"line":169,"type":"binary-expr","locations":[{"start":{"line":169,"column":43},"end":{"line":169,"column":75},"skip":true},{"start":{"line":169,"column":79},"end":{"line":178,"column":9},"skip":true}]},"17":{"line":180,"type":"binary-expr","locations":[{"start":{"line":180,"column":41},"end":{"line":180,"column":71},"skip":true},{"start":{"line":180,"column":75},"end":{"line":189,"column":9},"skip":true}]}},"code":["/* istanbul instrument in package npmtest_mqtt */","/*jslint","    bitwise: true,","    browser: true,","    maxerr: 8,","    maxlen: 96,","    node: true,","    nomen: true,","    regexp: true,","    stupid: true","*/","(function () {","    'use strict';","    var local;","","","","    // run shared js-env code - init-before","    (function () {","        // init local","        local = {};","        // init modeJs","        local.modeJs = (function () {","            try {","                return typeof navigator.userAgent === 'string' &&","                    typeof document.querySelector('body') === 'object' &&","                    typeof XMLHttpRequest.prototype.open === 'function' &&","                    'browser';","            } catch (errorCaughtBrowser) {","                return module.exports &&","                    typeof process.versions.node === 'string' &&","                    typeof require('http').createServer === 'function' &&","                    'node';","            }","        }());","        // init global","        local.global = local.modeJs === 'browser'","            ? window","            : global;","        switch (local.modeJs) {","        // re-init local from window.local","        case 'browser':","            local = local.global.utility2.objectSetDefault(","                local.global.utility2_rollup || local.global.local,","                local.global.utility2","            );","            break;","        // re-init local from example.js","        case 'node':","            local = (local.global.utility2_rollup || require('utility2'))","                .requireReadme();","            break;","        }","        // export local","        local.global.local = local;","    }());","","","","    // run shared js-env code - function","    (function () {","        return;","    }());","    switch (local.modeJs) {","","","","    // run browser js-env code - function","    case 'browser':","        break;","","","","    // run node js-env code - function","    case 'node':","        break;","    }","","","","    // run shared js-env code - init-after","    (function () {","        return;","    }());","    switch (local.modeJs) {","","","","    // run browser js-env code - init-after","    case 'browser':","        local.testCase_browser_nullCase = local.testCase_browser_nullCase || function (","            options,","            onError","        ) {","        /*","         * this function will test browsers's null-case handling-behavior-behavior","         */","            onError(null, options);","        };","","        // run tests","        local.nop(local.modeTest &&","            document.querySelector('#testRunButton1') &&","            document.querySelector('#testRunButton1').click());","        break;","","","","    // run node js-env code - init-after","    /* istanbul ignore next */","    case 'node':","        local.testCase_buildApidoc_default = local.testCase_buildApidoc_default || function (","            options,","            onError","        ) {","        /*","         * this function will test buildApidoc's default handling-behavior-behavior","         */","            options = { modulePathList: module.paths };","            local.buildApidoc(options, onError);","        };","","        local.testCase_buildApp_default = local.testCase_buildApp_default || function (","            options,","            onError","        ) {","        /*","         * this function will test buildApp's default handling-behavior-behavior","         */","            local.testCase_buildReadme_default(options, local.onErrorThrow);","            local.testCase_buildLib_default(options, local.onErrorThrow);","            local.testCase_buildTest_default(options, local.onErrorThrow);","            local.testCase_buildCustomOrg_default(options, local.onErrorThrow);","            options = [];","            local.buildApp(options, onError);","        };","","        local.testCase_buildCustomOrg_default = local.testCase_buildCustomOrg_default ||","            function (options, onError) {","            /*","             * this function will test buildCustomOrg's default handling-behavior","             */","                options = {};","                local.buildCustomOrg(options, onError);","            };","","        local.testCase_buildLib_default = local.testCase_buildLib_default || function (","            options,","            onError","        ) {","        /*","         * this function will test buildLib's default handling-behavior","         */","            options = {};","            local.buildLib(options, onError);","        };","","        local.testCase_buildReadme_default = local.testCase_buildReadme_default || function (","            options,","            onError","        ) {","        /*","         * this function will test buildReadme's default handling-behavior-behavior","         */","            options = {};","            local.buildReadme(options, onError);","        };","","        local.testCase_buildTest_default = local.testCase_buildTest_default || function (","            options,","            onError","        ) {","        /*","         * this function will test buildTest's default handling-behavior","         */","            options = {};","            local.buildTest(options, onError);","        };","","        local.testCase_webpage_default = local.testCase_webpage_default || function (","            options,","            onError","        ) {","        /*","         * this function will test webpage's default handling-behavior","         */","            options = { modeCoverageMerge: true, url: local.serverLocalHost + '?modeTest=1' };","            local.browserTest(options, onError);","        };","","        // run test-server","        local.testRunServer(local);","        break;","    }","}());",""],"l":{"12":2,"14":2,"19":2,"21":2,"23":2,"24":2,"25":2,"30":1,"37":2,"40":2,"43":1,"47":1,"50":1,"52":1,"55":2,"61":2,"62":2,"64":2,"70":1,"76":1,"82":2,"83":2,"85":2,"91":1,"98":1,"102":1,"105":1,"112":1,"119":1,"120":1,"123":1,"130":1,"131":1,"132":1,"133":1,"134":1,"135":1,"138":1,"143":2,"144":2,"147":1,"154":2,"155":2,"158":1,"165":2,"166":2,"169":1,"176":2,"177":2,"180":1,"187":1,"188":1,"192":1,"193":1}},"/home/travis/build/npmtest/node-npmtest-mqtt/lib.npmtest_mqtt.js":{"path":"/home/travis/build/npmtest/node-npmtest-mqtt/lib.npmtest_mqtt.js","s":{"1":2,"2":2,"3":2,"4":2,"5":2,"6":2,"7":2,"8":1,"9":2,"10":2,"11":2,"12":2,"13":1,"14":1,"15":1,"16":1},"b":{"1":[2,1,1,1],"2":[1,1,1,1],"3":[1,1],"4":[2,2],"5":[1,1]},"f":{"1":2,"2":2,"3":2},"fnMap":{"1":{"name":"(anonymous_1)","line":12,"loc":{"start":{"line":12,"column":1},"end":{"line":12,"column":13}}},"2":{"name":"(anonymous_2)","line":19,"loc":{"start":{"line":19,"column":5},"end":{"line":19,"column":17}}},"3":{"name":"(anonymous_3)","line":23,"loc":{"start":{"line":23,"column":24},"end":{"line":23,"column":36}}}},"statementMap":{"1":{"start":{"line":12,"column":0},"end":{"line":53,"column":5}},"2":{"start":{"line":14,"column":4},"end":{"line":14,"column":14}},"3":{"start":{"line":19,"column":4},"end":{"line":52,"column":9}},"4":{"start":{"line":21,"column":8},"end":{"line":21,"column":19}},"5":{"start":{"line":23,"column":8},"end":{"line":35,"column":13}},"6":{"start":{"line":24,"column":12},"end":{"line":34,"column":13}},"7":{"start":{"line":25,"column":16},"end":{"line":28,"column":30}},"8":{"start":{"line":30,"column":16},"end":{"line":33,"column":27}},"9":{"start":{"line":37,"column":8},"end":{"line":39,"column":21}},"10":{"start":{"line":41,"column":8},"end":{"line":41,"column":54}},"11":{"start":{"line":43,"column":8},"end":{"line":43,"column":49}},"12":{"start":{"line":45,"column":8},"end":{"line":51,"column":9}},"13":{"start":{"line":46,"column":12},"end":{"line":46,"column":55}},"14":{"start":{"line":48,"column":12},"end":{"line":48,"column":35}},"15":{"start":{"line":49,"column":12},"end":{"line":49,"column":49}},"16":{"start":{"line":50,"column":12},"end":{"line":50,"column":43}}},"branchMap":{"1":{"line":25,"type":"binary-expr","locations":[{"start":{"line":25,"column":23},"end":{"line":25,"column":62}},{"start":{"line":26,"column":20},"end":{"line":26,"column":70}},{"start":{"line":27,"column":20},"end":{"line":27,"column":71}},{"start":{"line":28,"column":20},"end":{"line":28,"column":29}}]},"2":{"line":30,"type":"binary-expr","locations":[{"start":{"line":30,"column":23},"end":{"line":30,"column":37}},{"start":{"line":31,"column":20},"end":{"line":31,"column":61}},{"start":{"line":32,"column":20},"end":{"line":32,"column":70}},{"start":{"line":33,"column":20},"end":{"line":33,"column":26}}]},"3":{"line":37,"type":"cond-expr","locations":[{"start":{"line":38,"column":14},"end":{"line":38,"column":20}},{"start":{"line":39,"column":14},"end":{"line":39,"column":20}}]},"4":{"line":41,"type":"binary-expr","locations":[{"start":{"line":41,"column":16},"end":{"line":41,"column":44}},{"start":{"line":41,"column":48},"end":{"line":41,"column":53}}]},"5":{"line":45,"type":"if","locations":[{"start":{"line":45,"column":8},"end":{"line":45,"column":8}},{"start":{"line":45,"column":8},"end":{"line":45,"column":8}}]}},"code":["/* istanbul instrument in package npmtest_mqtt */","/*jslint","    bitwise: true,","    browser: true,","    maxerr: 8,","    maxlen: 96,","    node: true,","    nomen: true,","    regexp: true,","    stupid: true","*/","(function () {","    'use strict';","    var local;","","","","    // run shared js-env code - init-before","    (function () {","        // init local","        local = {};","        // init modeJs","        local.modeJs = (function () {","            try {","                return typeof navigator.userAgent === 'string' &&","                    typeof document.querySelector('body') === 'object' &&","                    typeof XMLHttpRequest.prototype.open === 'function' &&","                    'browser';","            } catch (errorCaughtBrowser) {","                return module.exports &&","                    typeof process.versions.node === 'string' &&","                    typeof require('http').createServer === 'function' &&","                    'node';","            }","        }());","        // init global","        local.global = local.modeJs === 'browser'","            ? window","            : global;","        // init utility2_rollup","        local = local.global.utility2_rollup || local;","        // init lib","        local.local = local.npmtest_mqtt = local;","        // init exports","        if (local.modeJs === 'browser') {","            local.global.utility2_npmtest_mqtt = local;","        } else {","            module.exports = local;","            module.exports.__dirname = __dirname;","            module.exports.module = module;","        }","    }());","}());",""],"l":{"12":2,"14":2,"19":2,"21":2,"23":2,"24":2,"25":2,"30":1,"37":2,"41":2,"43":2,"45":2,"46":1,"48":1,"49":1,"50":1}},"/home/travis/build/npmtest/node-npmtest-mqtt/example.js":{"path":"/home/travis/build/npmtest/node-npmtest-mqtt/example.js","s":{"1":2,"2":2,"3":2,"4":2,"5":2,"6":2,"7":2,"8":1,"9":2,"10":2,"11":2,"12":2,"13":1,"14":2,"15":2,"16":2,"17":2,"18":2,"19":0,"20":2,"21":1,"22":1,"23":1,"24":1,"25":1,"26":0,"27":0,"28":1,"29":1,"30":2,"31":0,"32":0,"33":0,"34":1,"35":2,"36":2,"37":3,"38":3,"39":3,"40":3,"41":0,"42":3,"43":3,"44":3,"45":1,"46":3,"47":1,"48":1,"49":1,"50":1,"51":1,"52":1,"53":1,"54":1,"55":1,"56":1,"57":0,"58":1,"59":6,"60":6,"61":1,"62":2,"63":0,"64":2,"65":1,"66":1,"67":0,"68":0,"69":0,"70":0,"71":0,"72":0,"73":0,"74":0,"75":0,"76":0,"77":0,"78":0,"79":0,"80":0,"81":0,"82":0,"83":0},"b":{"1":[2,1,1,1],"2":[1,1,1,1],"3":[1,1],"4":[2,2],"5":[1,1],"6":[1,1],"7":[2,0],"8":[2,1,1,1,1,1],"9":[0,2,0],"10":[1,1],"11":[2,1,1],"12":[1,0],"13":[0,2],"14":[2,0,0,0,0,0,0],"15":[0,3],"16":[3,0],"17":[1,1],"18":[0,1],"19":[1,2,0,2],"20":[1,0],"21":[1,1],"22":[0,0],"23":[0,0],"24":[0,0],"25":[0,0],"26":[0,0],"27":[0,0],"28":[0,0]},"f":{"1":2,"2":2,"3":2,"4":2,"5":2,"6":2,"7":3,"8":3,"9":3,"10":1,"11":6,"12":0},"fnMap":{"1":{"name":"(anonymous_1)","line":26,"loc":{"start":{"line":26,"column":1},"end":{"line":26,"column":13}}},"2":{"name":"(anonymous_2)","line":33,"loc":{"start":{"line":33,"column":5},"end":{"line":33,"column":17}}},"3":{"name":"(anonymous_3)","line":37,"loc":{"start":{"line":37,"column":24},"end":{"line":37,"column":36}}},"4":{"name":"(anonymous_4)","line":69,"loc":{"start":{"line":69,"column":31},"end":{"line":69,"column":48}},"skip":true},"5":{"name":"(anonymous_5)","line":78,"loc":{"start":{"line":78,"column":26},"end":{"line":78,"column":45}},"skip":true},"6":{"name":"(anonymous_6)","line":123,"loc":{"start":{"line":123,"column":33},"end":{"line":123,"column":48}},"skip":true},"7":{"name":"(anonymous_7)","line":125,"loc":{"start":{"line":125,"column":27},"end":{"line":125,"column":39}},"skip":true},"8":{"name":"(anonymous_8)","line":133,"loc":{"start":{"line":133,"column":59},"end":{"line":133,"column":74}},"skip":true},"9":{"name":"(anonymous_9)","line":143,"loc":{"start":{"line":143,"column":45},"end":{"line":143,"column":62}},"skip":true},"10":{"name":"(anonymous_10)","line":144,"loc":{"start":{"line":144,"column":73},"end":{"line":144,"column":92}},"skip":true},"11":{"name":"(anonymous_11)","line":272,"loc":{"start":{"line":272,"column":51},"end":{"line":272,"column":77}},"skip":true},"12":{"name":"(anonymous_12)","line":315,"loc":{"start":{"line":315,"column":32},"end":{"line":315,"column":61}},"skip":true}},"statementMap":{"1":{"start":{"line":26,"column":0},"end":{"line":326,"column":5}},"2":{"start":{"line":28,"column":4},"end":{"line":28,"column":14}},"3":{"start":{"line":33,"column":4},"end":{"line":60,"column":9}},"4":{"start":{"line":35,"column":8},"end":{"line":35,"column":19}},"5":{"start":{"line":37,"column":8},"end":{"line":49,"column":13}},"6":{"start":{"line":38,"column":12},"end":{"line":48,"column":13}},"7":{"start":{"line":39,"column":16},"end":{"line":42,"column":30}},"8":{"start":{"line":44,"column":16},"end":{"line":47,"column":27}},"9":{"start":{"line":51,"column":8},"end":{"line":53,"column":21}},"10":{"start":{"line":55,"column":8},"end":{"line":57,"column":45}},"11":{"start":{"line":59,"column":8},"end":{"line":59,"column":35}},"12":{"start":{"line":61,"column":4},"end":{"line":325,"column":5}},"13":{"start":{"line":69,"column":8},"end":{"line":121,"column":10},"skip":true},"14":{"start":{"line":70,"column":12},"end":{"line":88,"column":13},"skip":true},"15":{"start":{"line":76,"column":16},"end":{"line":87,"column":19},"skip":true},"16":{"start":{"line":79,"column":20},"end":{"line":86,"column":21},"skip":true},"17":{"start":{"line":82,"column":24},"end":{"line":82,"column":43},"skip":true},"18":{"start":{"line":83,"column":24},"end":{"line":83,"column":30},"skip":true},"19":{"start":{"line":85,"column":24},"end":{"line":85,"column":49},"skip":true},"20":{"start":{"line":89,"column":12},"end":{"line":107,"column":13},"skip":true},"21":{"start":{"line":92,"column":16},"end":{"line":102,"column":17},"skip":true},"22":{"start":{"line":93,"column":20},"end":{"line":93,"column":86},"skip":true},"23":{"start":{"line":94,"column":20},"end":{"line":95,"column":45},"skip":true},"24":{"start":{"line":96,"column":20},"end":{"line":96,"column":42},"skip":true},"25":{"start":{"line":97,"column":20},"end":{"line":97,"column":48},"skip":true},"26":{"start":{"line":100,"column":20},"end":{"line":100,"column":85},"skip":true},"27":{"start":{"line":101,"column":20},"end":{"line":101,"column":96},"skip":true},"28":{"start":{"line":103,"column":16},"end":{"line":103,"column":22},"skip":true},"29":{"start":{"line":106,"column":16},"end":{"line":106,"column":22},"skip":true},"30":{"start":{"line":108,"column":12},"end":{"line":120,"column":13},"skip":true},"31":{"start":{"line":114,"column":16},"end":{"line":119,"column":17},"skip":true},"32":{"start":{"line":116,"column":20},"end":{"line":116,"column":78},"skip":true},"33":{"start":{"line":118,"column":20},"end":{"line":118,"column":47},"skip":true},"34":{"start":{"line":123,"column":8},"end":{"line":141,"column":11},"skip":true},"35":{"start":{"line":124,"column":12},"end":{"line":124,"column":54},"skip":true},"36":{"start":{"line":125,"column":12},"end":{"line":140,"column":14},"skip":true},"37":{"start":{"line":126,"column":16},"end":{"line":126,"column":28},"skip":true},"38":{"start":{"line":127,"column":16},"end":{"line":127,"column":69},"skip":true},"39":{"start":{"line":128,"column":16},"end":{"line":128,"column":75},"skip":true},"40":{"start":{"line":129,"column":16},"end":{"line":131,"column":17},"skip":true},"41":{"start":{"line":130,"column":20},"end":{"line":130,"column":27},"skip":true},"42":{"start":{"line":133,"column":16},"end":{"line":137,"column":36},"skip":true},"43":{"start":{"line":134,"column":20},"end":{"line":136,"column":55},"skip":true},"44":{"start":{"line":139,"column":16},"end":{"line":139,"column":57},"skip":true},"45":{"start":{"line":143,"column":8},"end":{"line":147,"column":11},"skip":true},"46":{"start":{"line":144,"column":12},"end":{"line":146,"column":15},"skip":true},"47":{"start":{"line":145,"column":16},"end":{"line":145,"column":70},"skip":true},"48":{"start":{"line":149,"column":8},"end":{"line":149,"column":31},"skip":true},"49":{"start":{"line":150,"column":8},"end":{"line":150,"column":14},"skip":true},"50":{"start":{"line":158,"column":8},"end":{"line":158,"column":31},"skip":true},"51":{"start":{"line":160,"column":8},"end":{"line":160,"column":33},"skip":true},"52":{"start":{"line":161,"column":8},"end":{"line":161,"column":37},"skip":true},"53":{"start":{"line":162,"column":8},"end":{"line":162,"column":35},"skip":true},"54":{"start":{"line":164,"column":8},"end":{"line":164,"column":50},"skip":true},"55":{"start":{"line":166,"column":8},"end":{"line":256,"column":2},"skip":true},"56":{"start":{"line":258,"column":8},"end":{"line":286,"column":9},"skip":true},"57":{"start":{"line":259,"column":12},"end":{"line":269,"column":14},"skip":true},"58":{"start":{"line":271,"column":12},"end":{"line":285,"column":19},"skip":true},"59":{"start":{"line":274,"column":20},"end":{"line":274,"column":35},"skip":true},"60":{"start":{"line":275,"column":20},"end":{"line":284,"column":21},"skip":true},"61":{"start":{"line":277,"column":24},"end":{"line":277,"column":64},"skip":true},"62":{"start":{"line":279,"column":24},"end":{"line":279,"column":40},"skip":true},"63":{"start":{"line":281,"column":24},"end":{"line":281,"column":40},"skip":true},"64":{"start":{"line":283,"column":24},"end":{"line":283,"column":39},"skip":true},"65":{"start":{"line":288,"column":8},"end":{"line":290,"column":9},"skip":true},"66":{"start":{"line":289,"column":12},"end":{"line":289,"column":18},"skip":true},"67":{"start":{"line":291,"column":8},"end":{"line":293,"column":54},"skip":true},"68":{"start":{"line":296,"column":8},"end":{"line":301,"column":37},"skip":true},"69":{"start":{"line":303,"column":8},"end":{"line":303,"column":82},"skip":true},"70":{"start":{"line":306,"column":8},"end":{"line":308,"column":9},"skip":true},"71":{"start":{"line":307,"column":12},"end":{"line":307,"column":82},"skip":true},"72":{"start":{"line":310,"column":8},"end":{"line":312,"column":9},"skip":true},"73":{"start":{"line":311,"column":12},"end":{"line":311,"column":18},"skip":true},"74":{"start":{"line":313,"column":8},"end":{"line":313,"column":54},"skip":true},"75":{"start":{"line":314,"column":8},"end":{"line":314,"column":69},"skip":true},"76":{"start":{"line":315,"column":8},"end":{"line":323,"column":36},"skip":true},"77":{"start":{"line":316,"column":12},"end":{"line":316,"column":61},"skip":true},"78":{"start":{"line":317,"column":12},"end":{"line":320,"column":13},"skip":true},"79":{"start":{"line":318,"column":16},"end":{"line":318,"column":75},"skip":true},"80":{"start":{"line":319,"column":16},"end":{"line":319,"column":23},"skip":true},"81":{"start":{"line":321,"column":12},"end":{"line":321,"column":38},"skip":true},"82":{"start":{"line":322,"column":12},"end":{"line":322,"column":27},"skip":true},"83":{"start":{"line":324,"column":8},"end":{"line":324,"column":14},"skip":true}},"branchMap":{"1":{"line":39,"type":"binary-expr","locations":[{"start":{"line":39,"column":23},"end":{"line":39,"column":62}},{"start":{"line":40,"column":20},"end":{"line":40,"column":70}},{"start":{"line":41,"column":20},"end":{"line":41,"column":71}},{"start":{"line":42,"column":20},"end":{"line":42,"column":29}}]},"2":{"line":44,"type":"binary-expr","locations":[{"start":{"line":44,"column":23},"end":{"line":44,"column":37}},{"start":{"line":45,"column":20},"end":{"line":45,"column":61}},{"start":{"line":46,"column":20},"end":{"line":46,"column":70}},{"start":{"line":47,"column":20},"end":{"line":47,"column":26}}]},"3":{"line":51,"type":"cond-expr","locations":[{"start":{"line":52,"column":14},"end":{"line":52,"column":20}},{"start":{"line":53,"column":14},"end":{"line":53,"column":20}}]},"4":{"line":55,"type":"binary-expr","locations":[{"start":{"line":55,"column":16},"end":{"line":55,"column":44}},{"start":{"line":55,"column":49},"end":{"line":57,"column":43}}]},"5":{"line":55,"type":"cond-expr","locations":[{"start":{"line":56,"column":14},"end":{"line":56,"column":48}},{"start":{"line":57,"column":14},"end":{"line":57,"column":43}}]},"6":{"line":61,"type":"switch","locations":[{"start":{"line":68,"column":4},"end":{"line":150,"column":14},"skip":true},{"start":{"line":156,"column":4},"end":{"line":324,"column":14},"skip":true}]},"7":{"line":70,"type":"if","locations":[{"start":{"line":70,"column":12},"end":{"line":70,"column":12},"skip":true},{"start":{"line":70,"column":12},"end":{"line":70,"column":12},"skip":true}]},"8":{"line":70,"type":"binary-expr","locations":[{"start":{"line":70,"column":16},"end":{"line":70,"column":22},"skip":true},{"start":{"line":70,"column":27},"end":{"line":70,"column":32},"skip":true},{"start":{"line":71,"column":20},"end":{"line":71,"column":39},"skip":true},{"start":{"line":72,"column":20},"end":{"line":72,"column":49},"skip":true},{"start":{"line":73,"column":20},"end":{"line":73,"column":58},"skip":true},{"start":{"line":74,"column":20},"end":{"line":74,"column":69},"skip":true}]},"9":{"line":79,"type":"switch","locations":[{"start":{"line":80,"column":20},"end":{"line":80,"column":33},"skip":true},{"start":{"line":81,"column":20},"end":{"line":83,"column":30},"skip":true},{"start":{"line":84,"column":20},"end":{"line":85,"column":49},"skip":true}]},"10":{"line":89,"type":"switch","locations":[{"start":{"line":90,"column":12},"end":{"line":103,"column":22},"skip":true},{"start":{"line":105,"column":12},"end":{"line":106,"column":22},"skip":true}]},"11":{"line":89,"type":"binary-expr","locations":[{"start":{"line":89,"column":20},"end":{"line":89,"column":25},"skip":true},{"start":{"line":89,"column":29},"end":{"line":89,"column":48},"skip":true},{"start":{"line":89,"column":52},"end":{"line":89,"column":74},"skip":true}]},"12":{"line":92,"type":"if","locations":[{"start":{"line":92,"column":16},"end":{"line":92,"column":16},"skip":true},{"start":{"line":92,"column":16},"end":{"line":92,"column":16},"skip":true}]},"13":{"line":108,"type":"if","locations":[{"start":{"line":108,"column":12},"end":{"line":108,"column":12},"skip":true},{"start":{"line":108,"column":12},"end":{"line":108,"column":12},"skip":true}]},"14":{"line":108,"type":"binary-expr","locations":[{"start":{"line":108,"column":16},"end":{"line":108,"column":61},"skip":true},{"start":{"line":108,"column":66},"end":{"line":108,"column":72},"skip":true},{"start":{"line":108,"column":77},"end":{"line":108,"column":82},"skip":true},{"start":{"line":109,"column":20},"end":{"line":109,"column":39},"skip":true},{"start":{"line":110,"column":20},"end":{"line":110,"column":49},"skip":true},{"start":{"line":111,"column":20},"end":{"line":111,"column":58},"skip":true},{"start":{"line":112,"column":20},"end":{"line":112,"column":68},"skip":true}]},"15":{"line":129,"type":"if","locations":[{"start":{"line":129,"column":16},"end":{"line":129,"column":16},"skip":true},{"start":{"line":129,"column":16},"end":{"line":129,"column":16},"skip":true}]},"16":{"line":134,"type":"cond-expr","locations":[{"start":{"line":135,"column":26},"end":{"line":135,"column":29},"skip":true},{"start":{"line":136,"column":26},"end":{"line":136,"column":54},"skip":true}]},"17":{"line":164,"type":"binary-expr","locations":[{"start":{"line":164,"column":27},"end":{"line":164,"column":43},"skip":true},{"start":{"line":164,"column":47},"end":{"line":164,"column":49},"skip":true}]},"18":{"line":258,"type":"if","locations":[{"start":{"line":258,"column":8},"end":{"line":258,"column":8},"skip":true},{"start":{"line":258,"column":8},"end":{"line":258,"column":8},"skip":true}]},"19":{"line":275,"type":"switch","locations":[{"start":{"line":276,"column":20},"end":{"line":277,"column":64},"skip":true},{"start":{"line":278,"column":20},"end":{"line":279,"column":40},"skip":true},{"start":{"line":280,"column":20},"end":{"line":281,"column":40},"skip":true},{"start":{"line":282,"column":20},"end":{"line":283,"column":39},"skip":true}]},"20":{"line":288,"type":"if","locations":[{"start":{"line":288,"column":8},"end":{"line":288,"column":8},"skip":true},{"start":{"line":288,"column":8},"end":{"line":288,"column":8},"skip":true}]},"21":{"line":288,"type":"binary-expr","locations":[{"start":{"line":288,"column":12},"end":{"line":288,"column":40},"skip":true},{"start":{"line":288,"column":44},"end":{"line":288,"column":67},"skip":true}]},"22":{"line":292,"type":"binary-expr","locations":[{"start":{"line":292,"column":12},"end":{"line":292,"column":50},"skip":true},{"start":{"line":293,"column":12},"end":{"line":293,"column":53},"skip":true}]},"23":{"line":297,"type":"binary-expr","locations":[{"start":{"line":297,"column":12},"end":{"line":297,"column":62},"skip":true},{"start":{"line":298,"column":12},"end":{"line":301,"column":36},"skip":true}]},"24":{"line":303,"type":"binary-expr","locations":[{"start":{"line":303,"column":43},"end":{"line":303,"column":75},"skip":true},{"start":{"line":303,"column":79},"end":{"line":303,"column":81},"skip":true}]},"25":{"line":306,"type":"if","locations":[{"start":{"line":306,"column":8},"end":{"line":306,"column":8},"skip":true},{"start":{"line":306,"column":8},"end":{"line":306,"column":8},"skip":true}]},"26":{"line":310,"type":"if","locations":[{"start":{"line":310,"column":8},"end":{"line":310,"column":8},"skip":true},{"start":{"line":310,"column":8},"end":{"line":310,"column":8},"skip":true}]},"27":{"line":313,"type":"binary-expr","locations":[{"start":{"line":313,"column":27},"end":{"line":313,"column":43},"skip":true},{"start":{"line":313,"column":47},"end":{"line":313,"column":53},"skip":true}]},"28":{"line":317,"type":"if","locations":[{"start":{"line":317,"column":12},"end":{"line":317,"column":12},"skip":true},{"start":{"line":317,"column":12},"end":{"line":317,"column":12},"skip":true}]}},"code":["/*","example.js","","quickstart example","","instruction","    1. save this script as example.js","    2. run the shell command:","        $ npm install npmtest-mqtt && PORT=8081 node example.js","    3. play with the browser-demo on http://127.0.0.1:8081","*/","","","","/* istanbul instrument in package npmtest_mqtt */","/*jslint","    bitwise: true,","    browser: true,","    maxerr: 8,","    maxlen: 96,","    node: true,","    nomen: true,","    regexp: true,","    stupid: true","*/","(function () {","    'use strict';","    var local;","","","","    // run shared js-env code - init-before","    (function () {","        // init local","        local = {};","        // init modeJs","        local.modeJs = (function () {","            try {","                return typeof navigator.userAgent === 'string' &&","                    typeof document.querySelector('body') === 'object' &&","                    typeof XMLHttpRequest.prototype.open === 'function' &&","                    'browser';","            } catch (errorCaughtBrowser) {","                return module.exports &&","                    typeof process.versions.node === 'string' &&","                    typeof require('http').createServer === 'function' &&","                    'node';","            }","        }());","        // init global","        local.global = local.modeJs === 'browser'","            ? window","            : global;","        // init utility2_rollup","        local = local.global.utility2_rollup || (local.modeJs === 'browser'","            ? local.global.utility2_npmtest_mqtt","            : global.utility2_moduleExports);","        // export local","        local.global.local = local;","    }());","    switch (local.modeJs) {","","","","    // init-after","    // run browser js-env code - init-after","    /* istanbul ignore next */","    case 'browser':","        local.testRunBrowser = function (event) {","            if (!event || (event &&","                    event.currentTarget &&","                    event.currentTarget.className &&","                    event.currentTarget.className.includes &&","                    event.currentTarget.className.includes('onreset'))) {","                // reset output","                Array.from(","                    document.querySelectorAll('body > .resettable')","                ).forEach(function (element) {","                    switch (element.tagName) {","                    case 'INPUT':","                    case 'TEXTAREA':","                        element.value = '';","                        break;","                    default:","                        element.textContent = '';","                    }","                });","            }","            switch (event && event.currentTarget && event.currentTarget.id) {","            case 'testRunButton1':","                // show tests","                if (document.querySelector('#testReportDiv1').style.display === 'none') {","                    document.querySelector('#testReportDiv1').style.display = 'block';","                    document.querySelector('#testRunButton1').textContent =","                        'hide internal test';","                    local.modeTest = true;","                    local.testRunDefault(local);","                // hide tests","                } else {","                    document.querySelector('#testReportDiv1').style.display = 'none';","                    document.querySelector('#testRunButton1').textContent = 'run internal test';","                }","                break;","            // custom-case","            default:","                break;","            }","            if (document.querySelector('#inputTextareaEval1') && (!event || (event &&","                    event.currentTarget &&","                    event.currentTarget.className &&","                    event.currentTarget.className.includes &&","                    event.currentTarget.className.includes('oneval')))) {","                // try to eval input-code","                try {","                    /*jslint evil: true*/","                    eval(document.querySelector('#inputTextareaEval1').value);","                } catch (errorCaught) {","                    console.error(errorCaught);","                }","            }","        };","        // log stderr and stdout to #outputTextareaStdout1","        ['error', 'log'].forEach(function (key) {","            console[key + '_original'] = console[key];","            console[key] = function () {","                var element;","                console[key + '_original'].apply(console, arguments);","                element = document.querySelector('#outputTextareaStdout1');","                if (!element) {","                    return;","                }","                // append text to #outputTextareaStdout1","                element.value += Array.from(arguments).map(function (arg) {","                    return typeof arg === 'string'","                        ? arg","                        : JSON.stringify(arg, null, 4);","                }).join(' ') + '\\n';","                // scroll textarea to bottom","                element.scrollTop = element.scrollHeight;","            };","        });","        // init event-handling","        ['change', 'click', 'keyup'].forEach(function (event) {","            Array.from(document.querySelectorAll('.on' + event)).forEach(function (element) {","                element.addEventListener(event, local.testRunBrowser);","            });","        });","        // run tests","        local.testRunBrowser();","        break;","","","","    // run node js-env code - init-after","    /* istanbul ignore next */","    case 'node':","        // export local","        module.exports = local;","        // require modules","        local.fs = require('fs');","        local.http = require('http');","        local.url = require('url');","        // init assets","        local.assetsDict = local.assetsDict || {};","        /* jslint-ignore-begin */","        local.assetsDict['/assets.index.template.html'] = '\\","<!doctype html>\\n\\","<html lang=\"en\">\\n\\","<head>\\n\\","<meta charset=\"UTF-8\">\\n\\","<meta name=\"viewport\" content=\"width=device-width, initial-scale=1\">\\n\\","<title>{{env.npm_package_name}} (v{{env.npm_package_version}})</title>\\n\\","<style>\\n\\","/*csslint\\n\\","    box-sizing: false,\\n\\","    universal-selector: false\\n\\","*/\\n\\","* {\\n\\","    box-sizing: border-box;\\n\\","}\\n\\","body {\\n\\","    background: #dde;\\n\\","    font-family: Arial, Helvetica, sans-serif;\\n\\","    margin: 2rem;\\n\\","}\\n\\","body > * {\\n\\","    margin-bottom: 1rem;\\n\\","}\\n\\",".utility2FooterDiv {\\n\\","    margin-top: 20px;\\n\\","    text-align: center;\\n\\","}\\n\\","</style>\\n\\","<style>\\n\\","/*csslint\\n\\","*/\\n\\","textarea {\\n\\","    font-family: monospace;\\n\\","    height: 10rem;\\n\\","    width: 100%;\\n\\","}\\n\\","textarea[readonly] {\\n\\","    background: #ddd;\\n\\","}\\n\\","</style>\\n\\","</head>\\n\\","<body>\\n\\","<!-- utility2-comment\\n\\","<div id=\"ajaxProgressDiv1\" style=\"background: #d00; height: 2px; left: 0; margin: 0; padding: 0; position: fixed; top: 0; transition: background 0.5s, width 1.5s; width: 25%;\"></div>\\n\\","utility2-comment -->\\n\\","<h1>\\n\\","<!-- utility2-comment\\n\\","    <a\\n\\","        {{#if env.npm_package_homepage}}\\n\\","        href=\"{{env.npm_package_homepage}}\"\\n\\","        {{/if env.npm_package_homepage}}\\n\\","        target=\"_blank\"\\n\\","    >\\n\\","utility2-comment -->\\n\\","        {{env.npm_package_name}} (v{{env.npm_package_version}})\\n\\","<!-- utility2-comment\\n\\","    </a>\\n\\","utility2-comment -->\\n\\","</h1>\\n\\","<h3>{{env.npm_package_description}}</h3>\\n\\","<!-- utility2-comment\\n\\","<h4><a download href=\"assets.app.js\">download standalone app</a></h4>\\n\\","<button class=\"onclick onreset\" id=\"testRunButton1\">run internal test</button><br>\\n\\","<div id=\"testReportDiv1\" style=\"display: none;\"></div>\\n\\","utility2-comment -->\\n\\","\\n\\","\\n\\","\\n\\","<label>stderr and stdout</label>\\n\\","<textarea class=\"resettable\" id=\"outputTextareaStdout1\" readonly></textarea>\\n\\","<!-- utility2-comment\\n\\","{{#if isRollup}}\\n\\","<script src=\"assets.app.js\"></script>\\n\\","{{#unless isRollup}}\\n\\","utility2-comment -->\\n\\","<script src=\"assets.utility2.rollup.js\"></script>\\n\\","<script src=\"jsonp.utility2._stateInit?callback=window.utility2._stateInit\"></script>\\n\\","<script src=\"assets.npmtest_mqtt.rollup.js\"></script>\\n\\","<script src=\"assets.example.js\"></script>\\n\\","<script src=\"assets.test.js\"></script>\\n\\","<!-- utility2-comment\\n\\","{{/if isRollup}}\\n\\","utility2-comment -->\\n\\","<div class=\"utility2FooterDiv\">\\n\\","    [ this app was created with\\n\\","    <a href=\"https://github.com/kaizhu256/node-utility2\" target=\"_blank\">utility2</a>\\n\\","    ]\\n\\","</div>\\n\\","</body>\\n\\","</html>\\n\\","';","        /* jslint-ignore-end */","        if (local.templateRender) {","            local.assetsDict['/'] = local.templateRender(","                local.assetsDict['/assets.index.template.html'],","                {","                    env: local.objectSetDefault(local.env, {","                        npm_package_description: 'the greatest app in the world!',","                        npm_package_name: 'my-app',","                        npm_package_nameAlias: 'my_app',","                        npm_package_version: '0.0.1'","                    })","                }","            );","        } else {","            local.assetsDict['/'] = local.assetsDict['/assets.index.template.html']","                .replace((/\\{\\{env\\.(\\w+?)\\}\\}/g), function (match0, match1) {","                    // jslint-hack","                    String(match0);","                    switch (match1) {","                    case 'npm_package_description':","                        return 'the greatest app in the world!';","                    case 'npm_package_name':","                        return 'my-app';","                    case 'npm_package_nameAlias':","                        return 'my_app';","                    case 'npm_package_version':","                        return '0.0.1';","                    }","                });","        }","        // run the cli","        if (local.global.utility2_rollup || module !== require.main) {","            break;","        }","        local.assetsDict['/assets.example.js'] =","            local.assetsDict['/assets.example.js'] ||","            local.fs.readFileSync(__filename, 'utf8');","        // bug-workaround - long $npm_package_buildCustomOrg","        /* jslint-ignore-begin */","        local.assetsDict['/assets.npmtest_mqtt.rollup.js'] =","            local.assetsDict['/assets.npmtest_mqtt.rollup.js'] ||","            local.fs.readFileSync(","                local.npmtest_mqtt.__dirname + '/lib.npmtest_mqtt.js',","                'utf8'","            ).replace((/^#!/), '//');","        /* jslint-ignore-end */","        local.assetsDict['/favicon.ico'] = local.assetsDict['/favicon.ico'] || '';","        // if $npm_config_timeout_exit exists,","        // then exit this process after $npm_config_timeout_exit ms","        if (Number(process.env.npm_config_timeout_exit)) {","            setTimeout(process.exit, Number(process.env.npm_config_timeout_exit));","        }","        // start server","        if (local.global.utility2_serverHttp1) {","            break;","        }","        process.env.PORT = process.env.PORT || '8081';","        console.error('server starting on port ' + process.env.PORT);","        local.http.createServer(function (request, response) {","            request.urlParsed = local.url.parse(request.url);","            if (local.assetsDict[request.urlParsed.pathname] !== undefined) {","                response.end(local.assetsDict[request.urlParsed.pathname]);","                return;","            }","            response.statusCode = 404;","            response.end();","        }).listen(process.env.PORT);","        break;","    }","}());",""],"l":{"26":2,"28":2,"33":2,"35":2,"37":2,"38":2,"39":2,"44":1,"51":2,"55":2,"59":2,"61":2,"69":1,"70":2,"76":2,"79":2,"82":2,"83":2,"85":1,"89":2,"92":1,"93":1,"94":1,"96":1,"97":1,"100":1,"101":1,"103":1,"106":1,"108":2,"114":1,"116":1,"118":1,"123":1,"124":2,"125":2,"126":3,"127":3,"128":3,"129":3,"130":1,"133":3,"134":3,"139":3,"143":1,"144":3,"145":1,"149":1,"150":1,"158":1,"160":1,"161":1,"162":1,"164":1,"166":1,"258":1,"259":1,"271":1,"274":6,"275":6,"277":1,"279":2,"281":1,"283":2,"288":1,"289":1,"291":1,"296":1,"303":1,"306":1,"307":1,"310":1,"311":1,"313":1,"314":1,"315":1,"316":1,"317":1,"318":1,"319":1,"321":1,"322":1,"324":1}},"/home/travis/build/npmtest/node-npmtest-mqtt/node_modules/mqtt/mqtt.js":{"path":"/home/travis/build/npmtest/node-npmtest-mqtt/node_modules/mqtt/mqtt.js","s":{"1":1,"2":1,"3":1,"4":1,"5":1,"6":1,"7":1,"8":1,"9":0,"10":0,"11":0,"12":0,"13":0,"14":0,"15":0,"16":0,"17":0,"18":0,"19":1,"20":0},"b":{"1":[0,0],"2":[0,1]},"f":{"1":0,"2":0},"fnMap":{"1":{"name":"cli","line":22,"loc":{"start":{"line":22,"column":0},"end":{"line":22,"column":16}}},"2":{"name":"(anonymous_2)","line":28,"loc":{"start":{"line":28,"column":30},"end":{"line":28,"column":42}}}},"statementMap":{"1":{"start":{"line":11,"column":0},"end":{"line":11,"column":40}},"2":{"start":{"line":12,"column":0},"end":{"line":12,"column":38}},"3":{"start":{"line":13,"column":0},"end":{"line":13,"column":34}},"4":{"start":{"line":15,"column":0},"end":{"line":15,"column":32}},"5":{"start":{"line":18,"column":0},"end":{"line":18,"column":38}},"6":{"start":{"line":19,"column":0},"end":{"line":19,"column":34}},"7":{"start":{"line":20,"column":0},"end":{"line":20,"column":28}},"8":{"start":{"line":22,"column":0},"end":{"line":37,"column":1}},"9":{"start":{"line":23,"column":2},"end":{"line":23,"column":36}},"10":{"start":{"line":24,"column":2},"end":{"line":24,"column":35}},"11":{"start":{"line":26,"column":2},"end":{"line":26,"column":51}},"12":{"start":{"line":27,"column":2},"end":{"line":27,"column":53}},"13":{"start":{"line":28,"column":2},"end":{"line":30,"column":4}},"14":{"start":{"line":29,"column":4},"end":{"line":29,"column":70}},"15":{"start":{"line":31,"column":2},"end":{"line":31,"column":43}},"16":{"start":{"line":33,"column":2},"end":{"line":36,"column":3}},"17":{"start":{"line":34,"column":4},"end":{"line":34,"column":58}},"18":{"start":{"line":35,"column":4},"end":{"line":35,"column":21}},"19":{"start":{"line":39,"column":0},"end":{"line":41,"column":1}},"20":{"start":{"line":40,"column":2},"end":{"line":40,"column":7}}},"branchMap":{"1":{"line":33,"type":"if","locations":[{"start":{"line":33,"column":2},"end":{"line":33,"column":2}},{"start":{"line":33,"column":2},"end":{"line":33,"column":2}}]},"2":{"line":39,"type":"if","locations":[{"start":{"line":39,"column":0},"end":{"line":39,"column":0}},{"start":{"line":39,"column":0},"end":{"line":39,"column":0}}]}},"code":["//#!/usr/bin/env node","'use strict'","","/*"," * Copyright (c) 2015-2015 MQTT.js contributors."," * Copyright (c) 2011-2014 Adam Rudd."," *"," * See LICENSE for more information"," */","","var MqttClient = require('./lib/client')","var connect = require('./lib/connect')","var Store = require('./lib/store')","","module.exports.connect = connect","","// Expose MqttClient","module.exports.MqttClient = MqttClient","module.exports.Client = MqttClient","module.exports.Store = Store","","function cli () {","  var commist = require('commist')()","  var helpMe = require('help-me')()","","  commist.register('publish', require('./bin/pub'))","  commist.register('subscribe', require('./bin/sub'))","  commist.register('version', function () {","    console.log('MQTT.js version:', require('./package.json').version)","  })","  commist.register('help', helpMe.toStdout)","","  if (commist.parse(process.argv.slice(2)) !== null) {","    console.log('No such command:', process.argv[2], '\\n')","    helpMe.toStdout()","  }","}","","if (require.main === module) {","  cli()","}",""],"l":{"11":1,"12":1,"13":1,"15":1,"18":1,"19":1,"20":1,"22":1,"23":0,"24":0,"26":0,"27":0,"28":0,"29":0,"31":0,"33":0,"34":0,"35":0,"39":1,"40":0}},"/home/travis/build/npmtest/node-npmtest-mqtt/node_modules/mqtt/lib/client.js":{"path":"/home/travis/build/npmtest/node-npmtest-mqtt/node_modules/mqtt/lib/client.js","s":{"1":1,"2":1,"3":1,"4":1,"5":1,"6":1,"7":1,"8":1,"9":1,"10":0,"11":1,"12":1,"13":0,"14":1,"15":0,"16":0,"17":0,"18":0,"19":0,"20":0,"21":1,"22":0,"23":0,"24":0,"25":0,"26":1,"27":1,"28":0,"29":0,"30":0,"31":0,"32":0,"33":0,"34":0,"35":0,"36":0,"37":0,"38":0,"39":0,"40":0,"41":0,"42":0,"43":0,"44":0,"45":0,"46":0,"47":0,"48":0,"49":0,"50":0,"51":0,"52":0,"53":0,"54":0,"55":0,"56":0,"57":0,"58":1,"59":0,"60":0,"61":0,"62":0,"63":0,"64":0,"65":0,"66":0,"67":0,"68":0,"69":0,"70":0,"71":0,"72":0,"73":0,"74":0,"75":0,"76":0,"77":0,"78":0,"79":0,"80":1,"81":0,"82":0,"83":0,"84":0,"85":0,"86":0,"87":0,"88":0,"89":0,"90":0,"91":0,"92":0,"93":0,"94":0,"95":0,"96":0,"97":0,"98":0,"99":0,"100":0,"101":1,"102":1,"103":0,"104":0,"105":0,"106":0,"107":0,"108":0,"109":0,"110":0,"111":0,"112":0,"113":1,"114":0,"115":0,"116":0,"117":0,"118":0,"119":0,"120":0,"121":0,"122":0,"123":0,"124":0,"125":0,"126":0,"127":0,"128":0,"129":0,"130":0,"131":0,"132":0,"133":0,"134":0,"135":1,"136":0,"137":0,"138":0,"139":0,"140":0,"141":0,"142":0,"143":0,"144":0,"145":0,"146":0,"147":0,"148":0,"149":0,"150":0,"151":0,"152":1,"153":0,"154":0,"155":0,"156":0,"157":0,"158":1,"159":0,"160":0,"161":0,"162":0,"163":0,"164":0,"165":0,"166":0,"167":0,"168":0,"169":0,"170":0,"171":0,"172":0,"173":0,"174":0,"175":1,"176":0,"177":0,"178":0,"179":0,"180":0,"181":0,"182":0,"183":0,"184":0,"185":0,"186":0,"187":0,"188":0,"189":0,"190":0,"191":0,"192":0,"193":0,"194":0,"195":0,"196":0,"197":0,"198":0,"199":0,"200":0,"201":0,"202":0,"203":0,"204":0,"205":0,"206":0,"207":0,"208":0,"209":0,"210":0,"211":0,"212":0,"213":1,"214":0,"215":0,"216":0,"217":0,"218":0,"219":0,"220":0,"221":0,"222":0,"223":0,"224":0,"225":0,"226":0,"227":0,"228":1,"229":0,"230":0,"231":0,"232":0,"233":1,"234":0,"235":0,"236":0,"237":1,"238":0,"239":0,"240":0,"241":0,"242":0,"243":0,"244":0,"245":0,"246":0,"247":1,"248":0,"249":0,"250":1,"251":0,"252":0,"253":0,"254":0,"255":0,"256":0,"257":0,"258":1,"259":0,"260":0,"261":0,"262":1,"263":0,"264":0,"265":0,"266":0,"267":0,"268":0,"269":0,"270":0,"271":0,"272":0,"273":0,"274":1,"275":0,"276":0,"277":0,"278":0,"279":0,"280":0,"281":0,"282":0,"283":0,"284":0,"285":0,"286":0,"287":0,"288":0,"289":0,"290":1,"291":0,"292":0,"293":0,"294":0,"295":0,"296":1,"297":0,"298":0,"299":1,"300":0,"301":0,"302":0,"303":0,"304":1,"305":0,"306":1,"307":0,"308":0,"309":0,"310":0,"311":0,"312":0,"313":0,"314":0,"315":0,"316":0,"317":1,"318":0,"319":0,"320":0,"321":0,"322":0,"323":0,"324":0,"325":0,"326":0,"327":0,"328":0,"329":0,"330":0,"331":0,"332":1,"333":0,"334":1,"335":0,"336":0,"337":0,"338":0,"339":0,"340":0,"341":0,"342":0,"343":0,"344":0,"345":0,"346":0,"347":0,"348":0,"349":0,"350":0,"351":0,"352":0,"353":0,"354":0,"355":0,"356":0,"357":0,"358":1,"359":0,"360":0,"361":0,"362":0,"363":0,"364":0,"365":0,"366":0,"367":0,"368":1,"369":0,"370":0,"371":0,"372":0,"373":1,"374":0,"375":1},"b":{"1":[1,0],"2":[0,0],"3":[0,0],"4":[0,0],"5":[0,0],"6":[0,0],"7":[0,0],"8":[0,0],"9":[0,0],"10":[0,0],"11":[0,0],"12":[0,0],"13":[0,0],"14":[0,0],"15":[0,0],"16":[0,0],"17":[0,0,0],"18":[0,0],"19":[0,0],"20":[0,0],"21":[0,0],"22":[0,0],"23":[0,0],"24":[0,0],"25":[0,0],"26":[0,0,0,0,0,0,0,0,0,0],"27":[0,0],"28":[0,0],"29":[0,0],"30":[0,0],"31":[0,0],"32":[0,0,0],"33":[0,0],"34":[0,0],"35":[0,0],"36":[0,0],"37":[0,0],"38":[0,0],"39":[0,0],"40":[0,0],"41":[0,0],"42":[0,0],"43":[0,0],"44":[0,0],"45":[0,0],"46":[0,0],"47":[0,0],"48":[0,0],"49":[0,0],"50":[0,0],"51":[0,0],"52":[0,0,0],"53":[0,0],"54":[0,0],"55":[0,0],"56":[0,0],"57":[0,0],"58":[0,0],"59":[0,0],"60":[0,0],"61":[0,0,0],"62":[0,0],"63":[0,0],"64":[0,0,0,0],"65":[0,0],"66":[0,0],"67":[0,0],"68":[0,0,0],"69":[0,0],"70":[0,0],"71":[0,0],"72":[0,0,0,0],"73":[0,0],"74":[0,0,0,0,0,0],"75":[0,0],"76":[0,0],"77":[0,0],"78":[0,0],"79":[0,0],"80":[0,0]},"f":{"1":0,"2":0,"3":0,"4":0,"5":0,"6":0,"7":0,"8":0,"9":0,"10":0,"11":0,"12":0,"13":0,"14":0,"15":0,"16":0,"17":0,"18":0,"19":0,"20":0,"21":0,"22":0,"23":0,"24":0,"25":0,"26":0,"27":0,"28":0,"29":0,"30":0,"31":0,"32":0,"33":0,"34":0,"35":0,"36":0,"37":0,"38":0,"39":0,"40":0,"41":0,"42":0,"43":0,"44":0,"45":0,"46":0,"47":0,"48":0,"49":0,"50":0,"51":0,"52":0,"53":0,"54":0,"55":0,"56":0},"fnMap":{"1":{"name":"(anonymous_1)","line":14,"loc":{"start":{"line":14,"column":42},"end":{"line":14,"column":62}}},"2":{"name":"defaultId","line":28,"loc":{"start":{"line":28,"column":0},"end":{"line":28,"column":22}}},"3":{"name":"sendPacket","line":32,"loc":{"start":{"line":32,"column":0},"end":{"line":32,"column":41}}},"4":{"name":"storeAndSend","line":44,"loc":{"start":{"line":44,"column":0},"end":{"line":44,"column":43}}},"5":{"name":"storedPacket","line":45,"loc":{"start":{"line":45,"column":35},"end":{"line":45,"column":63}}},"6":{"name":"nop","line":53,"loc":{"start":{"line":53,"column":0},"end":{"line":53,"column":16}}},"7":{"name":"MqttClient","line":62,"loc":{"start":{"line":62,"column":0},"end":{"line":62,"column":45}}},"8":{"name":"(anonymous_8)","line":114,"loc":{"start":{"line":114,"column":21},"end":{"line":114,"column":33}}},"9":{"name":"(anonymous_9)","line":124,"loc":{"start":{"line":124,"column":30},"end":{"line":124,"column":42}}},"10":{"name":"storeDeliver","line":125,"loc":{"start":{"line":125,"column":6},"end":{"line":125,"column":31}}},"11":{"name":"(anonymous_11)","line":137,"loc":{"start":{"line":137,"column":44},"end":{"line":137,"column":67}}},"12":{"name":"(anonymous_12)","line":156,"loc":{"start":{"line":156,"column":19},"end":{"line":156,"column":31}}},"13":{"name":"(anonymous_13)","line":165,"loc":{"start":{"line":165,"column":21},"end":{"line":165,"column":33}}},"14":{"name":"deliver","line":168,"loc":{"start":{"line":168,"column":4},"end":{"line":168,"column":24}}},"15":{"name":"(anonymous_15)","line":180,"loc":{"start":{"line":180,"column":8},"end":{"line":180,"column":23}}},"16":{"name":"(anonymous_16)","line":193,"loc":{"start":{"line":193,"column":23},"end":{"line":193,"column":35}}},"17":{"name":"(anonymous_17)","line":200,"loc":{"start":{"line":200,"column":19},"end":{"line":200,"column":31}}},"18":{"name":"(anonymous_18)","line":221,"loc":{"start":{"line":221,"column":36},"end":{"line":221,"column":48}}},"19":{"name":"(anonymous_19)","line":233,"loc":{"start":{"line":233,"column":22},"end":{"line":233,"column":40}}},"20":{"name":"process","line":237,"loc":{"start":{"line":237,"column":2},"end":{"line":237,"column":22}}},"21":{"name":"(anonymous_21)","line":249,"loc":{"start":{"line":249,"column":20},"end":{"line":249,"column":46}}},"22":{"name":"(anonymous_22)","line":276,"loc":{"start":{"line":276,"column":33},"end":{"line":276,"column":45}}},"23":{"name":"(anonymous_23)","line":281,"loc":{"start":{"line":281,"column":37},"end":{"line":281,"column":61}}},"24":{"name":"(anonymous_24)","line":315,"loc":{"start":{"line":315,"column":43},"end":{"line":315,"column":63}}},"25":{"name":"(anonymous_25)","line":344,"loc":{"start":{"line":344,"column":31},"end":{"line":344,"column":73}}},"26":{"name":"(anonymous_26)","line":403,"loc":{"start":{"line":403,"column":33},"end":{"line":403,"column":45}}},"27":{"name":"(anonymous_27)","line":437,"loc":{"start":{"line":437,"column":16},"end":{"line":437,"column":33}}},"28":{"name":"(anonymous_28)","line":446,"loc":{"start":{"line":446,"column":15},"end":{"line":446,"column":28}}},"29":{"name":"(anonymous_29)","line":464,"loc":{"start":{"line":464,"column":15},"end":{"line":464,"column":30}}},"30":{"name":"(anonymous_30)","line":468,"loc":{"start":{"line":468,"column":36},"end":{"line":468,"column":59}}},"31":{"name":"(anonymous_31)","line":494,"loc":{"start":{"line":494,"column":35},"end":{"line":494,"column":62}}},"32":{"name":"(anonymous_32)","line":514,"loc":{"start":{"line":514,"column":33},"end":{"line":514,"column":50}}},"33":{"name":"(anonymous_33)","line":534,"loc":{"start":{"line":534,"column":27},"end":{"line":534,"column":48}}},"34":{"name":"closeStores","line":542,"loc":{"start":{"line":542,"column":2},"end":{"line":542,"column":26}}},"35":{"name":"(anonymous_35)","line":544,"loc":{"start":{"line":544,"column":29},"end":{"line":544,"column":41}}},"36":{"name":"finish","line":549,"loc":{"start":{"line":549,"column":2},"end":{"line":549,"column":21}}},"37":{"name":"(anonymous_37)","line":578,"loc":{"start":{"line":578,"column":34},"end":{"line":578,"column":46}}},"38":{"name":"(anonymous_38)","line":586,"loc":{"start":{"line":586,"column":39},"end":{"line":586,"column":51}}},"39":{"name":"(anonymous_39)","line":594,"loc":{"start":{"line":594,"column":38},"end":{"line":594,"column":50}}},"40":{"name":"(anonymous_40)","line":603,"loc":{"start":{"line":603,"column":39},"end":{"line":603,"column":51}}},"41":{"name":"(anonymous_41)","line":614,"loc":{"start":{"line":614,"column":32},"end":{"line":614,"column":56}}},"42":{"name":"(anonymous_42)","line":649,"loc":{"start":{"line":649,"column":35},"end":{"line":649,"column":57}}},"43":{"name":"(anonymous_43)","line":691,"loc":{"start":{"line":691,"column":39},"end":{"line":691,"column":51}}},"44":{"name":"(anonymous_44)","line":696,"loc":{"start":{"line":696,"column":32},"end":{"line":696,"column":44}}},"45":{"name":"(anonymous_45)","line":707,"loc":{"start":{"line":707,"column":42},"end":{"line":707,"column":54}}},"46":{"name":"(anonymous_46)","line":717,"loc":{"start":{"line":717,"column":34},"end":{"line":717,"column":46}}},"47":{"name":"(anonymous_47)","line":732,"loc":{"start":{"line":732,"column":39},"end":{"line":732,"column":51}}},"48":{"name":"(anonymous_48)","line":743,"loc":{"start":{"line":743,"column":38},"end":{"line":743,"column":56}}},"49":{"name":"(anonymous_49)","line":796,"loc":{"start":{"line":796,"column":38},"end":{"line":796,"column":62}}},"50":{"name":"(anonymous_50)","line":805,"loc":{"start":{"line":805,"column":37},"end":{"line":805,"column":49}}},"51":{"name":"(anonymous_51)","line":837,"loc":{"start":{"line":837,"column":37},"end":{"line":837,"column":65}}},"52":{"name":"(anonymous_52)","line":848,"loc":{"start":{"line":848,"column":34},"end":{"line":848,"column":52}}},"53":{"name":"(anonymous_53)","line":904,"loc":{"start":{"line":904,"column":37},"end":{"line":904,"column":65}}},"54":{"name":"(anonymous_54)","line":908,"loc":{"start":{"line":908,"column":33},"end":{"line":908,"column":53}}},"55":{"name":"(anonymous_55)","line":925,"loc":{"start":{"line":925,"column":31},"end":{"line":925,"column":43}}},"56":{"name":"(anonymous_56)","line":937,"loc":{"start":{"line":937,"column":40},"end":{"line":937,"column":52}}}},"statementMap":{"1":{"start":{"line":6,"column":0},"end":{"line":6,"column":30}},"2":{"start":{"line":7,"column":0},"end":{"line":7,"column":30}},"3":{"start":{"line":8,"column":0},"end":{"line":8,"column":34}},"4":{"start":{"line":9,"column":0},"end":{"line":9,"column":39}},"5":{"start":{"line":10,"column":0},"end":{"line":10,"column":50}},"6":{"start":{"line":11,"column":0},"end":{"line":11,"column":34}},"7":{"start":{"line":12,"column":0},"end":{"line":12,"column":38}},"8":{"start":{"line":13,"column":0},"end":{"line":13,"column":42}},"9":{"start":{"line":14,"column":0},"end":{"line":17,"column":1}},"10":{"start":{"line":16,"column":2},"end":{"line":16,"column":28}},"11":{"start":{"line":18,"column":0},"end":{"line":26,"column":1}},"12":{"start":{"line":28,"column":0},"end":{"line":30,"column":1}},"13":{"start":{"line":29,"column":2},"end":{"line":29,"column":60}},"14":{"start":{"line":32,"column":0},"end":{"line":42,"column":1}},"15":{"start":{"line":33,"column":2},"end":{"line":33,"column":35}},"16":{"start":{"line":35,"column":2},"end":{"line":35,"column":62}},"17":{"start":{"line":37,"column":2},"end":{"line":41,"column":3}},"18":{"start":{"line":38,"column":4},"end":{"line":38,"column":35}},"19":{"start":{"line":39,"column":9},"end":{"line":41,"column":3}},"20":{"start":{"line":40,"column":4},"end":{"line":40,"column":8}},"21":{"start":{"line":44,"column":0},"end":{"line":51,"column":1}},"22":{"start":{"line":45,"column":2},"end":{"line":50,"column":4}},"23":{"start":{"line":46,"column":4},"end":{"line":48,"column":5}},"24":{"start":{"line":47,"column":6},"end":{"line":47,"column":26}},"25":{"start":{"line":49,"column":4},"end":{"line":49,"column":34}},"26":{"start":{"line":53,"column":0},"end":{"line":53,"column":18}},"27":{"start":{"line":62,"column":0},"end":{"line":213,"column":1}},"28":{"start":{"line":63,"column":2},"end":{"line":63,"column":7}},"29":{"start":{"line":64,"column":2},"end":{"line":64,"column":17}},"30":{"start":{"line":66,"column":2},"end":{"line":68,"column":3}},"31":{"start":{"line":67,"column":4},"end":{"line":67,"column":49}},"32":{"start":{"line":70,"column":2},"end":{"line":70,"column":30}},"33":{"start":{"line":73,"column":2},"end":{"line":79,"column":3}},"34":{"start":{"line":74,"column":4},"end":{"line":78,"column":5}},"35":{"start":{"line":75,"column":6},"end":{"line":75,"column":48}},"36":{"start":{"line":77,"column":6},"end":{"line":77,"column":34}},"37":{"start":{"line":81,"column":2},"end":{"line":81,"column":62}},"38":{"start":{"line":83,"column":2},"end":{"line":83,"column":36}},"39":{"start":{"line":86,"column":2},"end":{"line":86,"column":64}},"40":{"start":{"line":87,"column":2},"end":{"line":87,"column":64}},"41":{"start":{"line":90,"column":2},"end":{"line":90,"column":96}},"42":{"start":{"line":93,"column":2},"end":{"line":93,"column":30}},"43":{"start":{"line":96,"column":2},"end":{"line":96,"column":23}},"44":{"start":{"line":98,"column":2},"end":{"line":98,"column":24}},"45":{"start":{"line":100,"column":2},"end":{"line":100,"column":28}},"46":{"start":{"line":102,"column":2},"end":{"line":102,"column":17}},"47":{"start":{"line":104,"column":2},"end":{"line":104,"column":26}},"48":{"start":{"line":106,"column":2},"end":{"line":106,"column":28}},"49":{"start":{"line":108,"column":2},"end":{"line":108,"column":49}},"50":{"start":{"line":111,"column":2},"end":{"line":111,"column":20}},"51":{"start":{"line":114,"column":2},"end":{"line":153,"column":4}},"52":{"start":{"line":115,"column":4},"end":{"line":117,"column":5}},"53":{"start":{"line":116,"column":6},"end":{"line":116,"column":12}},"54":{"start":{"line":119,"column":4},"end":{"line":119,"column":25}},"55":{"start":{"line":120,"column":4},"end":{"line":120,"column":23}},"56":{"start":{"line":121,"column":4},"end":{"line":121,"column":48}},"57":{"start":{"line":124,"column":4},"end":{"line":152,"column":47}},"58":{"start":{"line":125,"column":6},"end":{"line":149,"column":7}},"59":{"start":{"line":126,"column":8},"end":{"line":126,"column":37}},"60":{"start":{"line":127,"column":8},"end":{"line":127,"column":14}},"61":{"start":{"line":129,"column":8},"end":{"line":131,"column":9}},"62":{"start":{"line":130,"column":10},"end":{"line":130,"column":16}},"63":{"start":{"line":134,"column":8},"end":{"line":148,"column":9}},"64":{"start":{"line":135,"column":10},"end":{"line":135,"column":26}},"65":{"start":{"line":136,"column":10},"end":{"line":136,"column":46}},"66":{"start":{"line":137,"column":10},"end":{"line":144,"column":11}},"67":{"start":{"line":139,"column":12},"end":{"line":141,"column":13}},"68":{"start":{"line":140,"column":14},"end":{"line":140,"column":29}},"69":{"start":{"line":143,"column":12},"end":{"line":143,"column":26}},"70":{"start":{"line":145,"column":10},"end":{"line":145,"column":34}},"71":{"start":{"line":146,"column":15},"end":{"line":148,"column":9}},"72":{"start":{"line":147,"column":10},"end":{"line":147,"column":28}},"73":{"start":{"line":150,"column":6},"end":{"line":150,"column":20}},"74":{"start":{"line":156,"column":2},"end":{"line":159,"column":4}},"75":{"start":{"line":157,"column":4},"end":{"line":157,"column":26}},"76":{"start":{"line":158,"column":4},"end":{"line":158,"column":35}},"77":{"start":{"line":162,"column":2},"end":{"line":162,"column":42}},"78":{"start":{"line":165,"column":2},"end":{"line":190,"column":4}},"79":{"start":{"line":166,"column":4},"end":{"line":166,"column":26}},"80":{"start":{"line":168,"column":4},"end":{"line":187,"column":5}},"81":{"start":{"line":169,"column":6},"end":{"line":169,"column":31}},"82":{"start":{"line":170,"column":6},"end":{"line":170,"column":23}},"83":{"start":{"line":172,"column":6},"end":{"line":174,"column":7}},"84":{"start":{"line":173,"column":8},"end":{"line":173,"column":14}},"85":{"start":{"line":176,"column":6},"end":{"line":176,"column":27}},"86":{"start":{"line":178,"column":6},"end":{"line":186,"column":7}},"87":{"start":{"line":181,"column":10},"end":{"line":183,"column":11}},"88":{"start":{"line":182,"column":12},"end":{"line":182,"column":25}},"89":{"start":{"line":184,"column":10},"end":{"line":184,"column":19}},"90":{"start":{"line":189,"column":4},"end":{"line":189,"column":13}},"91":{"start":{"line":193,"column":2},"end":{"line":197,"column":4}},"92":{"start":{"line":194,"column":4},"end":{"line":196,"column":5}},"93":{"start":{"line":195,"column":6},"end":{"line":195,"column":45}},"94":{"start":{"line":200,"column":2},"end":{"line":205,"column":4}},"95":{"start":{"line":201,"column":4},"end":{"line":204,"column":5}},"96":{"start":{"line":202,"column":6},"end":{"line":202,"column":28}},"97":{"start":{"line":203,"column":6},"end":{"line":203,"column":27}},"98":{"start":{"line":208,"column":2},"end":{"line":208,"column":40}},"99":{"start":{"line":210,"column":2},"end":{"line":210,"column":32}},"100":{"start":{"line":212,"column":2},"end":{"line":212,"column":21}},"101":{"start":{"line":214,"column":0},"end":{"line":214,"column":41}},"102":{"start":{"line":221,"column":0},"end":{"line":279,"column":1}},"103":{"start":{"line":222,"column":2},"end":{"line":222,"column":19}},"104":{"start":{"line":223,"column":2},"end":{"line":223,"column":17}},"105":{"start":{"line":224,"column":2},"end":{"line":224,"column":31}},"106":{"start":{"line":225,"column":2},"end":{"line":225,"column":46}},"107":{"start":{"line":226,"column":2},"end":{"line":226,"column":26}},"108":{"start":{"line":227,"column":2},"end":{"line":227,"column":18}},"109":{"start":{"line":229,"column":2},"end":{"line":229,"column":24}},"110":{"start":{"line":231,"column":2},"end":{"line":231,"column":40}},"111":{"start":{"line":233,"column":2},"end":{"line":235,"column":4}},"112":{"start":{"line":234,"column":4},"end":{"line":234,"column":24}},"113":{"start":{"line":237,"column":2},"end":{"line":247,"column":3}},"114":{"start":{"line":238,"column":4},"end":{"line":238,"column":32}},"115":{"start":{"line":239,"column":4},"end":{"line":239,"column":28}},"116":{"start":{"line":241,"column":4},"end":{"line":246,"column":5}},"117":{"start":{"line":242,"column":6},"end":{"line":242,"column":41}},"118":{"start":{"line":244,"column":6},"end":{"line":244,"column":26}},"119":{"start":{"line":245,"column":6},"end":{"line":245,"column":12}},"120":{"start":{"line":249,"column":2},"end":{"line":253,"column":3}},"121":{"start":{"line":250,"column":4},"end":{"line":250,"column":24}},"122":{"start":{"line":251,"column":4},"end":{"line":251,"column":21}},"123":{"start":{"line":252,"column":4},"end":{"line":252,"column":13}},"124":{"start":{"line":255,"column":2},"end":{"line":255,"column":28}},"125":{"start":{"line":258,"column":2},"end":{"line":258,"column":30}},"126":{"start":{"line":261,"column":2},"end":{"line":261,"column":49}},"127":{"start":{"line":264,"column":2},"end":{"line":264,"column":45}},"128":{"start":{"line":265,"column":2},"end":{"line":265,"column":31}},"129":{"start":{"line":267,"column":2},"end":{"line":267,"column":33}},"130":{"start":{"line":270,"column":2},"end":{"line":270,"column":51}},"131":{"start":{"line":273,"column":2},"end":{"line":273,"column":35}},"132":{"start":{"line":275,"column":2},"end":{"line":275,"column":33}},"133":{"start":{"line":276,"column":2},"end":{"line":278,"column":33}},"134":{"start":{"line":277,"column":4},"end":{"line":277,"column":23}},"135":{"start":{"line":281,"column":0},"end":{"line":313,"column":1}},"136":{"start":{"line":282,"column":2},"end":{"line":282,"column":36}},"137":{"start":{"line":284,"column":2},"end":{"line":312,"column":3}},"138":{"start":{"line":286,"column":6},"end":{"line":286,"column":39}},"139":{"start":{"line":287,"column":6},"end":{"line":287,"column":11}},"140":{"start":{"line":293,"column":6},"end":{"line":293,"column":29}},"141":{"start":{"line":294,"column":6},"end":{"line":294,"column":12}},"142":{"start":{"line":295,"column":6},"end":{"line":295,"column":11}},"143":{"start":{"line":297,"column":6},"end":{"line":297,"column":38}},"144":{"start":{"line":298,"column":6},"end":{"line":298,"column":11}},"145":{"start":{"line":300,"column":6},"end":{"line":300,"column":33}},"146":{"start":{"line":301,"column":6},"end":{"line":301,"column":12}},"147":{"start":{"line":302,"column":6},"end":{"line":302,"column":11}},"148":{"start":{"line":304,"column":6},"end":{"line":304,"column":34}},"149":{"start":{"line":305,"column":6},"end":{"line":305,"column":12}},"150":{"start":{"line":306,"column":6},"end":{"line":306,"column":11}},"151":{"start":{"line":311,"column":6},"end":{"line":311,"column":11}},"152":{"start":{"line":315,"column":0},"end":{"line":324,"column":1}},"153":{"start":{"line":316,"column":2},"end":{"line":322,"column":3}},"154":{"start":{"line":317,"column":4},"end":{"line":321,"column":5}},"155":{"start":{"line":318,"column":6},"end":{"line":318,"column":49}},"156":{"start":{"line":320,"column":6},"end":{"line":320,"column":59}},"157":{"start":{"line":323,"column":2},"end":{"line":323,"column":27}},"158":{"start":{"line":344,"column":0},"end":{"line":385,"column":1}},"159":{"start":{"line":345,"column":2},"end":{"line":345,"column":12}},"160":{"start":{"line":348,"column":2},"end":{"line":351,"column":3}},"161":{"start":{"line":349,"column":4},"end":{"line":349,"column":19}},"162":{"start":{"line":350,"column":4},"end":{"line":350,"column":15}},"163":{"start":{"line":354,"column":2},"end":{"line":356,"column":3}},"164":{"start":{"line":355,"column":4},"end":{"line":355,"column":34}},"165":{"start":{"line":358,"column":2},"end":{"line":360,"column":3}},"166":{"start":{"line":359,"column":4},"end":{"line":359,"column":15}},"167":{"start":{"line":362,"column":2},"end":{"line":369,"column":3}},"168":{"start":{"line":371,"column":2},"end":{"line":382,"column":3}},"169":{"start":{"line":376,"column":6},"end":{"line":376,"column":55}},"170":{"start":{"line":377,"column":6},"end":{"line":377,"column":30}},"171":{"start":{"line":378,"column":6},"end":{"line":378,"column":11}},"172":{"start":{"line":380,"column":6},"end":{"line":380,"column":40}},"173":{"start":{"line":381,"column":6},"end":{"line":381,"column":11}},"174":{"start":{"line":384,"column":2},"end":{"line":384,"column":13}},"175":{"start":{"line":403,"column":0},"end":{"line":482,"column":1}},"176":{"start":{"line":404,"column":2},"end":{"line":404,"column":12}},"177":{"start":{"line":405,"column":2},"end":{"line":405,"column":50}},"178":{"start":{"line":406,"column":2},"end":{"line":406,"column":15}},"179":{"start":{"line":407,"column":2},"end":{"line":407,"column":24}},"180":{"start":{"line":408,"column":2},"end":{"line":408,"column":34}},"181":{"start":{"line":409,"column":2},"end":{"line":409,"column":23}},"182":{"start":{"line":410,"column":2},"end":{"line":410,"column":18}},"183":{"start":{"line":411,"column":2},"end":{"line":411,"column":17}},"184":{"start":{"line":413,"column":2},"end":{"line":415,"column":3}},"185":{"start":{"line":414,"column":4},"end":{"line":414,"column":15}},"186":{"start":{"line":417,"column":2},"end":{"line":420,"column":3}},"187":{"start":{"line":418,"column":4},"end":{"line":418,"column":19}},"188":{"start":{"line":419,"column":4},"end":{"line":419,"column":18}},"189":{"start":{"line":422,"column":2},"end":{"line":422,"column":48}},"190":{"start":{"line":423,"column":2},"end":{"line":426,"column":3}},"191":{"start":{"line":424,"column":4},"end":{"line":424,"column":70}},"192":{"start":{"line":425,"column":4},"end":{"line":425,"column":15}},"193":{"start":{"line":428,"column":2},"end":{"line":430,"column":3}},"194":{"start":{"line":429,"column":4},"end":{"line":429,"column":15}},"195":{"start":{"line":432,"column":2},"end":{"line":434,"column":3}},"196":{"start":{"line":433,"column":4},"end":{"line":433,"column":21}},"197":{"start":{"line":436,"column":2},"end":{"line":452,"column":3}},"198":{"start":{"line":437,"column":4},"end":{"line":442,"column":6}},"199":{"start":{"line":438,"column":6},"end":{"line":441,"column":8}},"200":{"start":{"line":444,"column":4},"end":{"line":451,"column":8}},"201":{"start":{"line":447,"column":8},"end":{"line":450,"column":10}},"202":{"start":{"line":454,"column":2},"end":{"line":461,"column":3}},"203":{"start":{"line":464,"column":2},"end":{"line":466,"column":4}},"204":{"start":{"line":465,"column":4},"end":{"line":465,"column":48}},"205":{"start":{"line":468,"column":2},"end":{"line":477,"column":3}},"206":{"start":{"line":469,"column":4},"end":{"line":474,"column":5}},"207":{"start":{"line":470,"column":6},"end":{"line":470,"column":34}},"208":{"start":{"line":471,"column":6},"end":{"line":473,"column":7}},"209":{"start":{"line":472,"column":8},"end":{"line":472,"column":32}},"210":{"start":{"line":476,"column":4},"end":{"line":476,"column":23}},"211":{"start":{"line":479,"column":2},"end":{"line":479,"column":26}},"212":{"start":{"line":481,"column":2},"end":{"line":481,"column":13}},"213":{"start":{"line":494,"column":0},"end":{"line":523,"column":1}},"214":{"start":{"line":495,"column":2},"end":{"line":499,"column":3}},"215":{"start":{"line":500,"column":2},"end":{"line":500,"column":17}},"216":{"start":{"line":502,"column":2},"end":{"line":502,"column":28}},"217":{"start":{"line":504,"column":2},"end":{"line":506,"column":3}},"218":{"start":{"line":505,"column":4},"end":{"line":505,"column":15}},"219":{"start":{"line":508,"column":2},"end":{"line":512,"column":3}},"220":{"start":{"line":509,"column":4},"end":{"line":509,"column":36}},"221":{"start":{"line":510,"column":9},"end":{"line":512,"column":3}},"222":{"start":{"line":511,"column":4},"end":{"line":511,"column":34}},"223":{"start":{"line":514,"column":2},"end":{"line":516,"column":4}},"224":{"start":{"line":515,"column":4},"end":{"line":515,"column":41}},"225":{"start":{"line":518,"column":2},"end":{"line":518,"column":44}},"226":{"start":{"line":520,"column":2},"end":{"line":520,"column":26}},"227":{"start":{"line":522,"column":2},"end":{"line":522,"column":13}},"228":{"start
[...]
"start":{"line":102,"column":4},"end":{"line":105,"column":5}},"44":{"start":{"line":103,"column":6},"end":{"line":103,"column":82}},"45":{"start":{"line":104,"column":6},"end":{"line":104,"column":12}},"46":{"start":{"line":108,"column":2},"end":{"line":114,"column":3}},"47":{"start":{"line":109,"column":4},"end":{"line":109,"column":18}},"48":{"start":{"line":110,"column":4},"end":{"line":110,"column":40}},"49":{"start":{"line":111,"column":4},"end":{"line":111,"column":44}},"50":{"start":{"line":112,"column":4},"end":{"line":112,"column":36}},"51":{"start":{"line":113,"column":4},"end":{"line":113,"column":42}},"52":{"start":{"line":116,"column":2},"end":{"line":118,"column":3}},"53":{"start":{"line":117,"column":4},"end":{"line":117,"column":35}},"54":{"start":{"line":120,"column":2},"end":{"line":120,"column":56}},"55":{"start":{"line":121,"column":2},"end":{"line":121,"column":60}},"56":{"start":{"line":123,"column":2},"end":{"line":126,"column":3}},"57":{"start":{"line":124,"column":4},"end":{"line":124,"column":36}},"58":{"start":{"line":125,"column":4},"end":{"line":125,"column":37}},"59":{"start":{"line":128,"column":2},"end":{"line":139,"column":3}},"60":{"start":{"line":129,"column":4},"end":{"line":136,"column":5}},"61":{"start":{"line":130,"column":6},"end":{"line":130,"column":21}},"62":{"start":{"line":132,"column":6},"end":{"line":135,"column":9}},"63":{"start":{"line":133,"column":8},"end":{"line":133,"column":45}},"64":{"start":{"line":134,"column":8},"end":{"line":134,"column":18}},"65":{"start":{"line":138,"column":4},"end":{"line":138,"column":14}},"66":{"start":{"line":142,"column":0},"end":{"line":142,"column":22}},"67":{"start":{"line":144,"column":0},"end":{"line":146,"column":1}},"68":{"start":{"line":145,"column":2},"end":{"line":145,"column":30}}},"branchMap":{"1":{"line":21,"type":"if","locations":[{"start":{"line":21,"column":6},"end":{"line":21,"column":6}},{"start":{"line":21,"column":6},"end":{"line":21,"column":6}}]},"2":{"line":45,"type":"if","locations":[{"start":{"line":45,"column":6},"end":{"line":45,"column":6}},{"start":{"line":45,"column":6},"end":{"line":45,"column":6}}]},"3":{"line":81,"type":"if","locations":[{"start":{"line":81,"column":2},"end":{"line":81,"column":2}},{"start":{"line":81,"column":2},"end":{"line":81,"column":2}}]},"4":{"line":85,"type":"if","locations":[{"start":{"line":85,"column":2},"end":{"line":85,"column":2}},{"start":{"line":85,"column":2},"end":{"line":85,"column":2}}]},"5":{"line":89,"type":"if","locations":[{"start":{"line":89,"column":2},"end":{"line":89,"column":2}},{"start":{"line":89,"column":2},"end":{"line":89,"column":2}}]},"6":{"line":93,"type":"if","locations":[{"start":{"line":93,"column":2},"end":{"line":93,"column":2}},{"start":{"line":93,"column":2},"end":{"line":93,"column":2}}]},"7":{"line":97,"type":"if","locations":[{"start":{"line":97,"column":2},"end":{"line":97,"column":2}},{"start":{"line":97,"column":2},"end":{"line":97,"column":2}}]},"8":{"line":97,"type":"binary-expr","locations":[{"start":{"line":97,"column":6},"end":{"line":97,"column":14}},{"start":{"line":97,"column":18},"end":{"line":97,"column":27}},{"start":{"line":97,"column":31},"end":{"line":97,"column":45}}]},"9":{"line":101,"type":"if","locations":[{"start":{"line":101,"column":2},"end":{"line":101,"column":2}},{"start":{"line":101,"column":2},"end":{"line":101,"column":2}}]},"10":{"line":102,"type":"if","locations":[{"start":{"line":102,"column":4},"end":{"line":102,"column":4}},{"start":{"line":102,"column":4},"end":{"line":102,"column":4}}]},"11":{"line":108,"type":"if","locations":[{"start":{"line":108,"column":2},"end":{"line":108,"column":2}},{"start":{"line":108,"column":2},"end":{"line":108,"column":2}}]},"12":{"line":116,"type":"if","locations":[{"start":{"line":116,"column":2},"end":{"line":116,"column":2}},{"start":{"line":116,"column":2},"end":{"line":116,"column":2}}]},"13":{"line":120,"type":"binary-expr","locations":[{"start":{"line":120,"column":16},"end":{"line":120,"column":26}},{"start":{"line":120,"column":30},"end":{"line":120,"column":44}}]},"14":{"line":121,"type":"binary-expr","locations":[{"start":{"line":121,"column":18},"end":{"line":121,"column":30}},{"start":{"line":121,"column":34},"end":{"line":121,"column":48}}]},"15":{"line":123,"type":"if","locations":[{"start":{"line":123,"column":2},"end":{"line":123,"column":2}},{"start":{"line":123,"column":2},"end":{"line":123,"column":2}}]},"16":{"line":128,"type":"if","locations":[{"start":{"line":128,"column":2},"end":{"line":128,"column":2}},{"start":{"line":128,"column":2},"end":{"line":128,"column":2}}]},"17":{"line":129,"type":"if","locations":[{"start":{"line":129,"column":4},"end":{"line":129,"column":4}},{"start":{"line":129,"column":4},"end":{"line":129,"column":4}}]},"18":{"line":144,"type":"if","locations":[{"start":{"line":144,"column":0},"end":{"line":144,"column":0}},{"start":{"line":144,"column":0},"end":{"line":144,"column":0}}]}},"code":["//#!/usr/bin/env node","","'use strict'","","var mqtt = require('../')","var pump = require('pump')","var path = require('path')","var fs = require('fs')","var concat = require('concat-stream')","var Writable = require('readable-stream').Writable","var helpMe = require('help-me')({","  dir: path.join(__dirname, '..', 'doc')","})","var minimist = require('minimist')","var split2 = require('split2')","","function send (args) {","  var client = mqtt.connect(args)","  client.on('connect', function () {","    client.publish(args.topic, args.message, args, function (err) {","      if (err) {","        console.warn(err)","      }","      client.end()","    })","  })","  client.on('error', function (err) {","    console.warn(err)","    client.end()","  })","}","","function multisend (args) {","  var client = mqtt.connect(args)","  var sender = new Writable({","    objectMode: true","  })","  sender._write = function (line, enc, cb) {","    client.publish(args.topic, line.trim(), args, cb)","  }","","  client.on('connect', function () {","    pump(process.stdin, split2(), sender, function (err) {","      client.end()","      if (err) {","        throw err","      }","    })","  })","}","","function start (args) {","  args = minimist(args, {","    string: ['hostname', 'username', 'password', 'key', 'cert', 'ca', 'message', 'clientId', 'i', 'id'],","    boolean: ['stdin', 'retain', 'help', 'insecure', 'multiline'],","    alias: {","      port: 'p',","      hostname: ['h', 'host'],","      topic: 't',","      message: 'm',","      qos: 'q',","      clientId: ['i', 'id'],","      retain: 'r',","      username: 'u',","      password: 'P',","      stdin: 's',","      multiline: 'M',","      protocol: ['C', 'l'],","      help: 'H',","      ca: 'cafile'","    },","    default: {","      host: 'localhost',","      qos: 0,","      retain: false,","      topic: '',","      message: ''","    }","  })","","  if (args.help) {","    return helpMe.toStdout('publish')","  }","","  if (args.key) {","    args.key = fs.readFileSync(args.key)","  }","","  if (args.cert) {","    args.cert = fs.readFileSync(args.cert)","  }","","  if (args.ca) {","    args.ca = fs.readFileSync(args.ca)","  }","","  if (args.key && args.cert && !args.protocol) {","    args.protocol = 'mqtts'","  }","","  if (args.port) {","    if (typeof args.port !== 'number') {","      console.warn('# Port: number expected, \\'%s\\' was given.', typeof args.port)","      return","    }","  }","","  if (args['will-topic']) {","    args.will = {}","    args.will.topic = args['will-topic']","    args.will.payload = args['will-message']","    args.will.qos = args['will-qos']","    args.will.retain = args['will-retain']","  }","","  if (args.insecure) {","    args.rejectUnauthorized = false","  }","","  args.topic = (args.topic || args._.shift()).toString()","  args.message = (args.message || args._.shift()).toString()","","  if (!args.topic) {","    console.error('missing topic\\n')","    return helpMe.toStdout('publish')","  }","","  if (args.stdin) {","    if (args.multiline) {","      multisend(args)","    } else {","      process.stdin.pipe(concat(function (data) {","        args.message = data.toString().trim()","        send(args)","      }))","    }","  } else {","    send(args)","  }","}","","module.exports = start","","if (require.main === module) {","  start(process.argv.slice(2))","}",""],"l":{"5":1,"6":1,"7":1,"8":1,"9":1,"10":1,"11":1,"14":1,"15":1,"17":1,"18":0,"19":0,"20":0,"21":0,"22":0,"24":0,"27":0,"28":0,"29":0,"33":1,"34":0,"35":0,"38":0,"39":0,"42":0,"43":0,"44":0,"45":0,"46":0,"52":1,"53":0,"81":0,"82":0,"85":0,"86":0,"89":0,"90":0,"93":0,"94":0,"97":0,"98":0,"101":0,"102":0,"103":0,"104":0,"108":0,"109":0,"110":0,"111":0,"112":0,"113":0,"116":0,"117":0,"120":0,"121":0,"123":0,"124":0,"125":0,"128":0,"129":0,"130":0,"132":0,"133":0,"134":0,"138":0,"142":1,"144":1,"145":0}},"/home/travis/build/npmtest/node-npmtest-mqtt/node_modules/mqtt/bin/sub.js":{"path":"/home/travis/build/npmtest/node-npmtest-mqtt/node_modules/mqtt/bin/sub.js","s":{"1":1,"2":1,"3":1,"4":1,"5":1,"6":1,"7":0,"8":0,"9":0,"10":0,"11":0,"12":0,"13":0,"14":0,"15":0,"16":0,"17":0,"18":0,"19":0,"20":0,"21":0,"22":0,"23":0,"24":0,"25":0,"26":0,"27":0,"28":0,"29":0,"30":0,"31":0,"32":0,"33":0,"34":0,"35":0,"36":0,"37":0,"38":0,"39":0,"40":0,"41":0,"42":0,"43":0,"44":0,"45":0,"46":0,"47":0,"48":0,"49":0,"50":0,"51":0,"52":1,"53":1,"54":0},"b":{"1":[0,0],"2":[0,0],"3":[0,0],"4":[0,0],"5":[0,0],"6":[0,0],"7":[0,0],"8":[0,0,0],"9":[0,0],"10":[0,0],"11":[0,0],"12":[0,0],"13":[0,0],"14":[0,0],"15":[0,0],"16":[0,1]},"f":{"1":0,"2":0,"3":0,"4":0,"5":0,"6":0},"fnMap":{"1":{"name":"start","line":11,"loc":{"start":{"line":11,"column":0},"end":{"line":11,"column":22}}},"2":{"name":"(anonymous_2)","line":89,"loc":{"start":{"line":89,"column":23},"end":{"line":89,"column":35}}},"3":{"name":"(anonymous_3)","line":90,"loc":{"start":{"line":90,"column":52},"end":{"line":90,"column":75}}},"4":{"name":"(anonymous_4)","line":96,"loc":{"start":{"line":96,"column":21},"end":{"line":96,"column":36}}},"5":{"name":"(anonymous_5)","line":105,"loc":{"start":{"line":105,"column":23},"end":{"line":105,"column":49}}},"6":{"name":"(anonymous_6)","line":113,"loc":{"start":{"line":113,"column":21},"end":{"line":113,"column":36}}}},"statementMap":{"1":{"start":{"line":3,"column":0},"end":{"line":3,"column":25}},"2":{"start":{"line":4,"column":0},"end":{"line":4,"column":26}},"3":{"start":{"line":5,"column":0},"end":{"line":5,"column":22}},"4":{"start":{"line":6,"column":0},"end":{"line":8,"column":2}},"5":{"start":{"line":9,"column":0},"end":{"line":9,"column":34}},"6":{"start":{"line":11,"column":0},"end":{"line":117,"column":1}},"7":{"start":{"line":12,"column":2},"end":{"line":37,"column":4}},"8":{"start":{"line":39,"column":2},"end":{"line":41,"column":3}},"9":{"start":{"line":40,"column":4},"end":{"line":40,"column":39}},"10":{"start":{"line":43,"column":2},"end":{"line":43,"column":43}},"11":{"start":{"line":45,"column":2},"end":{"line":48,"column":3}},"12":{"start":{"line":46,"column":4},"end":{"line":46,"column":36}},"13":{"start":{"line":47,"column":4},"end":{"line":47,"column":39}},"14":{"start":{"line":50,"column":2},"end":{"line":52,"column":3}},"15":{"start":{"line":51,"column":4},"end":{"line":51,"column":40}},"16":{"start":{"line":54,"column":2},"end":{"line":56,"column":3}},"17":{"start":{"line":55,"column":4},"end":{"line":55,"column":42}},"18":{"start":{"line":58,"column":2},"end":{"line":60,"column":3}},"19":{"start":{"line":59,"column":4},"end":{"line":59,"column":38}},"20":{"start":{"line":62,"column":2},"end":{"line":64,"column":3}},"21":{"start":{"line":63,"column":4},"end":{"line":63,"column":27}},"22":{"start":{"line":66,"column":2},"end":{"line":68,"column":3}},"23":{"start":{"line":67,"column":4},"end":{"line":67,"column":35}},"24":{"start":{"line":70,"column":2},"end":{"line":75,"column":3}},"25":{"start":{"line":71,"column":4},"end":{"line":74,"column":5}},"26":{"start":{"line":72,"column":6},"end":{"line":72,"column":82}},"27":{"start":{"line":73,"column":6},"end":{"line":73,"column":12}},"28":{"start":{"line":77,"column":2},"end":{"line":83,"column":3}},"29":{"start":{"line":78,"column":4},"end":{"line":78,"column":18}},"30":{"start":{"line":79,"column":4},"end":{"line":79,"column":40}},"31":{"start":{"line":80,"column":4},"end":{"line":80,"column":44}},"32":{"start":{"line":81,"column":4},"end":{"line":81,"column":36}},"33":{"start":{"line":82,"column":4},"end":{"line":82,"column":42}},"34":{"start":{"line":85,"column":2},"end":{"line":85,"column":37}},"35":{"start":{"line":87,"column":2},"end":{"line":87,"column":33}},"36":{"start":{"line":89,"column":2},"end":{"line":103,"column":4}},"37":{"start":{"line":90,"column":4},"end":{"line":102,"column":6}},"38":{"start":{"line":91,"column":6},"end":{"line":94,"column":7}},"39":{"start":{"line":92,"column":8},"end":{"line":92,"column":26}},"40":{"start":{"line":93,"column":8},"end":{"line":93,"column":23}},"41":{"start":{"line":96,"column":6},"end":{"line":101,"column":8}},"42":{"start":{"line":97,"column":8},"end":{"line":100,"column":9}},"43":{"start":{"line":98,"column":10},"end":{"line":98,"column":83}},"44":{"start":{"line":99,"column":10},"end":{"line":99,"column":25}},"45":{"start":{"line":105,"column":2},"end":{"line":111,"column":4}},"46":{"start":{"line":106,"column":4},"end":{"line":110,"column":5}},"47":{"start":{"line":107,"column":6},"end":{"line":107,"column":44}},"48":{"start":{"line":109,"column":6},"end":{"line":109,"column":37}},"49":{"start":{"line":113,"column":2},"end":{"line":116,"column":4}},"50":{"start":{"line":114,"column":4},"end":{"line":114,"column":21}},"51":{"start":{"line":115,"column":4},"end":{"line":115,"column":16}},"52":{"start":{"line":119,"column":0},"end":{"line":119,"column":22}},"53":{"start":{"line":121,"column":0},"end":{"line":123,"column":1}},"54":{"start":{"line":122,"column":2},"end":{"line":122,"column":30}}},"branchMap":{"1":{"line":39,"type":"if","locations":[{"start":{"line":39,"column":2},"end":{"line":39,"column":2}},{"start":{"line":39,"column":2},"end":{"line":39,"column":2}}]},"2":{"line":43,"type":"binary-expr","locations":[{"start":{"line":43,"column":15},"end":{"line":43,"column":25}},{"start":{"line":43,"column":29},"end":{"line":43,"column":43}}]},"3":{"line":45,"type":"if","locations":[{"start":{"line":45,"column":2},"end":{"line":45,"column":2}},{"start":{"line":45,"column":2},"end":{"line":45,"column":2}}]},"4":{"line":50,"type":"if","locations":[{"start":{"line":50,"column":2},"end":{"line":50,"column":2}},{"start":{"line":50,"column":2},"end":{"line":50,"column":2}}]},"5":{"line":54,"type":"if","locations":[{"start":{"line":54,"column":2},"end":{"line":54,"column":2}},{"start":{"line":54,"column":2},"end":{"line":54,"column":2}}]},"6":{"line":58,"type":"if","locations":[{"start":{"line":58,"column":2},"end":{"line":58,"column":2}},{"start":{"line":58,"column":2},"end":{"line":58,"column":2}}]},"7":{"line":62,"type":"if","locations":[{"start":{"line":62,"column":2},"end":{"line":62,"column":2}},{"start":{"line":62,"column":2},"end":{"line":62,"column":2}}]},"8":{"line":62,"type":"binary-expr","locations":[{"start":{"line":62,"column":6},"end":{"line":62,"column":14}},{"start":{"line":62,"column":18},"end":{"line":62,"column":27}},{"start":{"line":62,"column":31},"end":{"line":62,"column":45}}]},"9":{"line":66,"type":"if","locations":[{"start":{"line":66,"column":2},"end":{"line":66,"column":2}},{"start":{"line":66,"column":2},"end":{"line":66,"column":2}}]},"10":{"line":70,"type":"if","locations":[{"start":{"line":70,"column":2},"end":{"line":70,"column":2}},{"start":{"line":70,"column":2},"end":{"line":70,"column":2}}]},"11":{"line":71,"type":"if","locations":[{"start":{"line":71,"column":4},"end":{"line":71,"column":4}},{"start":{"line":71,"column":4},"end":{"line":71,"column":4}}]},"12":{"line":77,"type":"if","locations":[{"start":{"line":77,"column":2},"end":{"line":77,"column":2}},{"start":{"line":77,"column":2},"end":{"line":77,"column":2}}]},"13":{"line":91,"type":"if","locations":[{"start":{"line":91,"column":6},"end":{"line":91,"column":6}},{"start":{"line":91,"column":6},"end":{"line":91,"column":6}}]},"14":{"line":97,"type":"if","locations":[{"start":{"line":97,"column":8},"end":{"line":97,"column":8}},{"start":{"line":97,"column":8},"end":{"line":97,"column":8}}]},"15":{"line":106,"type":"if","locations":[{"start":{"line":106,"column":4},"end":{"line":106,"column":4}},{"start":{"line":106,"column":4},"end":{"line":106,"column":4}}]},"16":{"line":121,"type":"if","locations":[{"start":{"line":121,"column":0},"end":{"line":121,"column":0}},{"start":{"line":121,"column":0},"end":{"line":121,"column":0}}]}},"code":["//#!/usr/bin/env node","","var mqtt = require('../')","var path = require('path')","var fs = require('fs')","var helpMe = require('help-me')({","  dir: path.join(__dirname, '..', 'doc')","})","var minimist = require('minimist')","","function start (args) {","  args = minimist(args, {","    string: ['hostname', 'username', 'password', 'key', 'cert', 'ca', 'clientId', 'i', 'id'],","    boolean: ['stdin', 'help', 'clean', 'insecure'],","    alias: {","      port: 'p',","      hostname: ['h', 'host'],","      topic: 't',","      qos: 'q',","      clean: 'c',","      keepalive: 'k',","      clientId: ['i', 'id'],","      username: 'u',","      password: 'P',","      protocol: ['C', 'l'],","      verbose: 'v',","      help: '-H',","      ca: 'cafile'","    },","    default: {","      host: 'localhost',","      qos: 0,","      retain: false,","      clean: true,","      keepAlive: 30 // 30 sec","    }","  })","","  if (args.help) {","    return helpMe.toStdout('subscribe')","  }","","  args.topic = args.topic || args._.shift()","","  if (!args.topic) {","    console.error('missing topic\\n')","    return helpMe.toStdout('subscribe')","  }","","  if (args.key) {","    args.key = fs.readFileSync(args.key)","  }","","  if (args.cert) {","    args.cert = fs.readFileSync(args.cert)","  }","","  if (args.ca) {","    args.ca = fs.readFileSync(args.ca)","  }","","  if (args.key && args.cert && !args.protocol) {","    args.protocol = 'mqtts'","  }","","  if (args.insecure) {","    args.rejectUnauthorized = false","  }","","  if (args.port) {","    if (typeof args.port !== 'number') {","      console.warn('# Port: number expected, \\'%s\\' was given.', typeof args.port)","      return","    }","  }","","  if (args['will-topic']) {","    args.will = {}","    args.will.topic = args['will-topic']","    args.will.payload = args['will-message']","    args.will.qos = args['will-qos']","    args.will.retain = args['will-retain']","  }","","  args.keepAlive = args['keep-alive']","","  var client = mqtt.connect(args)","","  client.on('connect', function () {","    client.subscribe(args.topic, { qos: args.qos }, function (err, result) {","      if (err) {","        console.error(err)","        process.exit(1)","      }","","      result.forEach(function (sub) {","        if (sub.qos > 2) {","          console.error('subscription negated to', sub.topic, 'with code', sub.qos)","          process.exit(1)","        }","      })","    })","  })","","  client.on('message', function (topic, payload) {","    if (args.verbose) {","      console.log(topic, payload.toString())","    } else {","      console.log(payload.toString())","    }","  })","","  client.on('error', function (err) {","    console.warn(err)","    client.end()","  })","}","","module.exports = start","","if (require.main === module) {","  start(process.argv.slice(2))","}",""],"l":{"3":1,"4":1,"5":1,"6":1,"9":1,"11":1,"12":0,"39":0,"40":0,"43":0,"45":0,"46":0,"47":0,"50":0,"51":0,"54":0,"55":0,"58":0,"59":0,"62":0,"63":0,"66":0,"67":0,"70":0,"71":0,"72":0,"73":0,"77":0,"78":0,"79":0,"80":0,"81":0,"82":0,"85":0,"87":0,"89":0,"90":0,"91":0,"92":0,"93":0,"96":0,"97":0,"98":0,"99":0,"105":0,"106":0,"107":0,"109":0,"113":0,"114":0,"115":0,"119":1,"121":1,"122":0}}}